2022-12-23 13:39:52.279  INFO 9736 --- [Test worker] c.n.NoticeboardApplicationTests          : Starting NoticeboardApplicationTests using Java 1.8.0_111 on DESKTOP-VO0MAMP with PID 9736 (started by jeong in C:\Users\jeong\IdeaProjects\noticeboard)
2022-12-23 13:39:52.281  INFO 9736 --- [Test worker] c.n.NoticeboardApplicationTests          : No active profile set, falling back to 1 default profile: "default"
2022-12-23 13:39:53.656  INFO 9736 --- [Test worker] .s.d.r.c.RepositoryConfigurationDelegate : Bootstrapping Spring Data JPA repositories in DEFAULT mode.
2022-12-23 13:39:53.809  INFO 9736 --- [Test worker] .s.d.r.c.RepositoryConfigurationDelegate : Finished Spring Data repository scanning in 140 ms. Found 5 JPA repository interfaces.
2022-12-23 13:39:54.023  WARN 9736 --- [Test worker] o.m.s.mapper.ClassPathMapperScanner      : No MyBatis mapper was found in '[com.noticeboard]' package. Please check your configuration.
2022-12-23 13:39:55.020  INFO 9736 --- [Test worker] o.hibernate.jpa.internal.util.LogHelper  : HHH000204: Processing PersistenceUnitInfo [name: default]
2022-12-23 13:39:55.125  INFO 9736 --- [Test worker] org.hibernate.Version                    : HHH000412: Hibernate ORM core version 5.6.9.Final
2022-12-23 13:39:55.434  INFO 9736 --- [Test worker] o.hibernate.annotations.common.Version   : HCANN000001: Hibernate Commons Annotations {5.1.2.Final}
2022-12-23 13:39:55.619  INFO 9736 --- [Test worker] com.zaxxer.hikari.HikariDataSource       : HikariPool-1 - Starting...
2022-12-23 13:39:56.341  INFO 9736 --- [Test worker] com.zaxxer.hikari.HikariDataSource       : HikariPool-1 - Start completed.
2022-12-23 13:39:56.388  INFO 9736 --- [Test worker] org.hibernate.dialect.Dialect            : HHH000400: Using dialect: org.hibernate.dialect.MySQL57Dialect
2022-12-23 13:39:57.659  INFO 9736 --- [Test worker] o.h.e.t.j.p.i.JtaPlatformInitiator       : HHH000490: Using JtaPlatform implementation: [org.hibernate.engine.transaction.jta.platform.internal.NoJtaPlatform]
2022-12-23 13:39:57.670  INFO 9736 --- [Test worker] j.LocalContainerEntityManagerFactoryBean : Initialized JPA EntityManagerFactory for persistence unit 'default'
2022-12-23 13:39:59.106  INFO 9736 --- [Test worker] o.s.s.web.DefaultSecurityFilterChain     : Will secure any request with [org.springframework.security.web.session.DisableEncodeUrlFilter@11120583, org.springframework.security.web.context.request.async.WebAsyncManagerIntegrationFilter@2bf0c70d, org.springframework.security.web.context.SecurityContextPersistenceFilter@6212ea52, org.springframework.security.web.header.HeaderWriterFilter@1dcad16f, org.springframework.security.web.csrf.CsrfFilter@570299e3, org.springframework.security.web.authentication.logout.LogoutFilter@4fd92289, org.springframework.security.web.authentication.UsernamePasswordAuthenticationFilter@43cf5bff, org.springframework.security.web.savedrequest.RequestCacheAwareFilter@6595ffce, org.springframework.security.web.servletapi.SecurityContextHolderAwareRequestFilter@44392e64, org.springframework.security.web.authentication.AnonymousAuthenticationFilter@5d8e4fa8, org.springframework.security.web.session.SessionManagementFilter@4738131e, org.springframework.security.web.access.ExceptionTranslationFilter@34e07e65, org.springframework.security.web.access.intercept.AuthorizationFilter@1a8b22b5]
2022-12-23 13:39:59.493  WARN 9736 --- [Test worker] JpaBaseConfiguration$JpaWebConfiguration : spring.jpa.open-in-view is enabled by default. Therefore, database queries may be performed during view rendering. Explicitly configure spring.jpa.open-in-view to disable this warning
2022-12-23 13:40:00.842  INFO 9736 --- [Test worker] c.n.NoticeboardApplicationTests          : Started NoticeboardApplicationTests in 8.902 seconds (JVM running for 10.343)
2022-12-23 13:40:01.005  INFO 9736 --- [SpringApplicationShutdownHook] j.LocalContainerEntityManagerFactoryBean : Closing JPA EntityManagerFactory for persistence unit 'default'
2022-12-23 13:40:01.008  INFO 9736 --- [SpringApplicationShutdownHook] com.zaxxer.hikari.HikariDataSource       : HikariPool-1 - Shutdown initiated...
2022-12-23 13:40:01.021  INFO 9736 --- [SpringApplicationShutdownHook] com.zaxxer.hikari.HikariDataSource       : HikariPool-1 - Shutdown completed.
2022-12-23 13:52:57.002  INFO 19116 --- [Test worker] c.n.NoticeboardApplicationTests          : Starting NoticeboardApplicationTests using Java 1.8.0_111 on DESKTOP-VO0MAMP with PID 19116 (started by jeong in C:\Users\jeong\IdeaProjects\noticeboard)
2022-12-23 13:52:57.004  INFO 19116 --- [Test worker] c.n.NoticeboardApplicationTests          : No active profile set, falling back to 1 default profile: "default"
2022-12-23 13:52:58.153  INFO 19116 --- [Test worker] .s.d.r.c.RepositoryConfigurationDelegate : Bootstrapping Spring Data JPA repositories in DEFAULT mode.
2022-12-23 13:52:58.238  INFO 19116 --- [Test worker] .s.d.r.c.RepositoryConfigurationDelegate : Finished Spring Data repository scanning in 75 ms. Found 5 JPA repository interfaces.
2022-12-23 13:52:58.399  WARN 19116 --- [Test worker] o.m.s.mapper.ClassPathMapperScanner      : No MyBatis mapper was found in '[com.noticeboard]' package. Please check your configuration.
2022-12-23 13:52:59.176  INFO 19116 --- [Test worker] o.hibernate.jpa.internal.util.LogHelper  : HHH000204: Processing PersistenceUnitInfo [name: default]
2022-12-23 13:52:59.250  INFO 19116 --- [Test worker] org.hibernate.Version                    : HHH000412: Hibernate ORM core version 5.6.9.Final
2022-12-23 13:52:59.476  INFO 19116 --- [Test worker] o.hibernate.annotations.common.Version   : HCANN000001: Hibernate Commons Annotations {5.1.2.Final}
2022-12-23 13:52:59.610  INFO 19116 --- [Test worker] com.zaxxer.hikari.HikariDataSource       : HikariPool-1 - Starting...
2022-12-23 13:53:00.211  INFO 19116 --- [Test worker] com.zaxxer.hikari.HikariDataSource       : HikariPool-1 - Start completed.
2022-12-23 13:53:00.256  INFO 19116 --- [Test worker] org.hibernate.dialect.Dialect            : HHH000400: Using dialect: org.hibernate.dialect.MySQL57Dialect
2022-12-23 13:53:01.499  INFO 19116 --- [Test worker] o.h.e.t.j.p.i.JtaPlatformInitiator       : HHH000490: Using JtaPlatform implementation: [org.hibernate.engine.transaction.jta.platform.internal.NoJtaPlatform]
2022-12-23 13:53:01.508  INFO 19116 --- [Test worker] j.LocalContainerEntityManagerFactoryBean : Initialized JPA EntityManagerFactory for persistence unit 'default'
2022-12-23 13:53:02.654  INFO 19116 --- [Test worker] o.s.s.web.DefaultSecurityFilterChain     : Will secure any request with [org.springframework.security.web.session.DisableEncodeUrlFilter@71469e01, org.springframework.security.web.context.request.async.WebAsyncManagerIntegrationFilter@41bbb219, org.springframework.security.web.context.SecurityContextPersistenceFilter@5c703860, org.springframework.security.web.header.HeaderWriterFilter@55b74e6b, org.springframework.security.web.csrf.CsrfFilter@3428420d, org.springframework.security.web.authentication.logout.LogoutFilter@1a77eb6, org.springframework.security.web.authentication.UsernamePasswordAuthenticationFilter@3e2d65e1, org.springframework.security.web.savedrequest.RequestCacheAwareFilter@4682882a, org.springframework.security.web.servletapi.SecurityContextHolderAwareRequestFilter@66716959, org.springframework.security.web.authentication.AnonymousAuthenticationFilter@3f2ae973, org.springframework.security.web.session.SessionManagementFilter@6bc62bb9, org.springframework.security.web.access.ExceptionTranslationFilter@21eedcde, org.springframework.security.web.access.intercept.AuthorizationFilter@64508788]
2022-12-23 13:53:03.043  WARN 19116 --- [Test worker] JpaBaseConfiguration$JpaWebConfiguration : spring.jpa.open-in-view is enabled by default. Therefore, database queries may be performed during view rendering. Explicitly configure spring.jpa.open-in-view to disable this warning
2022-12-23 13:53:04.509  INFO 19116 --- [Test worker] c.n.NoticeboardApplicationTests          : Started NoticeboardApplicationTests in 7.807 seconds (JVM running for 9.267)
2022-12-23 13:53:04.665  INFO 19116 --- [SpringApplicationShutdownHook] j.LocalContainerEntityManagerFactoryBean : Closing JPA EntityManagerFactory for persistence unit 'default'
2022-12-23 13:53:04.668  INFO 19116 --- [SpringApplicationShutdownHook] com.zaxxer.hikari.HikariDataSource       : HikariPool-1 - Shutdown initiated...
2022-12-23 13:53:04.681  INFO 19116 --- [SpringApplicationShutdownHook] com.zaxxer.hikari.HikariDataSource       : HikariPool-1 - Shutdown completed.
2022-12-23 16:01:13.925  INFO 15756 --- [restartedMain] com.noticeboard.NoticeboardApplication   : Starting NoticeboardApplication using Java 1.8.0_352 on DESKTOP-VO0MAMP with PID 15756 (C:\Users\jeong\IdeaProjects\noticeboard\out\production\classes started by jeong in C:\Users\jeong\IdeaProjects\noticeboard)
2022-12-23 16:01:13.925  INFO 15756 --- [restartedMain] com.noticeboard.NoticeboardApplication   : No active profile set, falling back to 1 default profile: "default"
2022-12-23 16:01:14.160  INFO 15756 --- [restartedMain] .e.DevToolsPropertyDefaultsPostProcessor : Devtools property defaults active! Set 'spring.devtools.add-properties' to 'false' to disable
2022-12-23 16:01:14.160  INFO 15756 --- [restartedMain] .e.DevToolsPropertyDefaultsPostProcessor : For additional web related logging consider setting the 'logging.level.web' property to 'DEBUG'
2022-12-23 16:01:14.909  INFO 15756 --- [restartedMain] .s.d.r.c.RepositoryConfigurationDelegate : Bootstrapping Spring Data JPA repositories in DEFAULT mode.
2022-12-23 16:01:14.988  INFO 15756 --- [restartedMain] .s.d.r.c.RepositoryConfigurationDelegate : Finished Spring Data repository scanning in 66 ms. Found 5 JPA repository interfaces.
2022-12-23 16:01:15.128  WARN 15756 --- [restartedMain] o.m.s.mapper.ClassPathMapperScanner      : No MyBatis mapper was found in '[com.noticeboard]' package. Please check your configuration.
2022-12-23 16:01:16.017  INFO 15756 --- [restartedMain] o.s.b.w.embedded.tomcat.TomcatWebServer  : Tomcat initialized with port(s): 8080 (http)
2022-12-23 16:01:16.028  INFO 15756 --- [restartedMain] o.apache.catalina.core.StandardService   : Starting service [Tomcat]
2022-12-23 16:01:16.029  INFO 15756 --- [restartedMain] org.apache.catalina.core.StandardEngine  : Starting Servlet engine: [Apache Tomcat/9.0.64]
2022-12-23 16:01:16.141  INFO 15756 --- [restartedMain] o.a.c.c.C.[Tomcat].[localhost].[/]       : Initializing Spring embedded WebApplicationContext
2022-12-23 16:01:16.142  INFO 15756 --- [restartedMain] w.s.c.ServletWebServerApplicationContext : Root WebApplicationContext: initialization completed in 1982 ms
2022-12-23 16:01:16.292  INFO 15756 --- [restartedMain] o.hibernate.jpa.internal.util.LogHelper  : HHH000204: Processing PersistenceUnitInfo [name: default]
2022-12-23 16:01:16.418  INFO 15756 --- [restartedMain] org.hibernate.Version                    : HHH000412: Hibernate ORM core version 5.6.9.Final
2022-12-23 16:01:16.570  INFO 15756 --- [restartedMain] o.hibernate.annotations.common.Version   : HCANN000001: Hibernate Commons Annotations {5.1.2.Final}
2022-12-23 16:01:16.665  INFO 15756 --- [restartedMain] com.zaxxer.hikari.HikariDataSource       : HikariPool-1 - Starting...
2022-12-23 16:01:17.009  INFO 15756 --- [restartedMain] com.zaxxer.hikari.HikariDataSource       : HikariPool-1 - Start completed.
2022-12-23 16:01:17.029  INFO 15756 --- [restartedMain] org.hibernate.dialect.Dialect            : HHH000400: Using dialect: org.hibernate.dialect.MySQL57Dialect
2022-12-23 16:01:17.823  INFO 15756 --- [restartedMain] o.h.e.t.j.p.i.JtaPlatformInitiator       : HHH000490: Using JtaPlatform implementation: [org.hibernate.engine.transaction.jta.platform.internal.NoJtaPlatform]
2022-12-23 16:01:17.832  INFO 15756 --- [restartedMain] j.LocalContainerEntityManagerFactoryBean : Initialized JPA EntityManagerFactory for persistence unit 'default'
2022-12-23 16:01:18.621  INFO 15756 --- [restartedMain] o.s.s.web.DefaultSecurityFilterChain     : Will secure any request with [org.springframework.security.web.session.DisableEncodeUrlFilter@203927ab, org.springframework.security.web.context.request.async.WebAsyncManagerIntegrationFilter@44dec3ef, org.springframework.security.web.context.SecurityContextPersistenceFilter@431cbe2, org.springframework.security.web.header.HeaderWriterFilter@7d8503d2, org.springframework.security.web.csrf.CsrfFilter@37bfc786, org.springframework.security.web.authentication.logout.LogoutFilter@166d7577, org.springframework.security.web.authentication.UsernamePasswordAuthenticationFilter@78146b1b, org.springframework.security.web.savedrequest.RequestCacheAwareFilter@57868b28, org.springframework.security.web.servletapi.SecurityContextHolderAwareRequestFilter@18893f7d, org.springframework.security.web.authentication.AnonymousAuthenticationFilter@225346b1, org.springframework.security.web.session.SessionManagementFilter@456dc658, org.springframework.security.web.access.ExceptionTranslationFilter@5a7faa89, org.springframework.security.web.access.intercept.AuthorizationFilter@2d5282f9]
2022-12-23 16:01:18.690  WARN 15756 --- [restartedMain] JpaBaseConfiguration$JpaWebConfiguration : spring.jpa.open-in-view is enabled by default. Therefore, database queries may be performed during view rendering. Explicitly configure spring.jpa.open-in-view to disable this warning
2022-12-23 16:01:19.292  INFO 15756 --- [restartedMain] o.s.b.d.a.OptionalLiveReloadServer       : LiveReload server is running on port 35729
2022-12-23 16:01:19.325  INFO 15756 --- [restartedMain] o.s.b.w.embedded.tomcat.TomcatWebServer  : Tomcat started on port(s): 8080 (http) with context path ''
2022-12-23 16:01:19.337  INFO 15756 --- [restartedMain] com.noticeboard.NoticeboardApplication   : Started NoticeboardApplication in 5.871 seconds (JVM running for 6.591)
2022-12-23 16:01:24.483  INFO 15756 --- [http-nio-8080-exec-2] o.a.c.c.C.[Tomcat].[localhost].[/]       : Initializing Spring DispatcherServlet 'dispatcherServlet'
2022-12-23 16:01:24.483  INFO 15756 --- [http-nio-8080-exec-2] o.s.web.servlet.DispatcherServlet        : Initializing Servlet 'dispatcherServlet'
2022-12-23 16:01:24.485  INFO 15756 --- [http-nio-8080-exec-2] o.s.web.servlet.DispatcherServlet        : Completed initialization in 2 ms
2022-12-23 16:01:24.568  INFO 15756 --- [http-nio-8080-exec-1] com.noticeboard.post.PostController      : page:0, keyword:
2022-12-23 16:01:25.446  WARN 15756 --- [http-nio-8080-exec-1] n.n.u.t.l.fragments.FragmentProcessor    : You don't need to put the layout:fragment/data-layout-fragment attribute into the <head> section - the decoration process will automatically copy the <head> section of your content templates into your layout page.
2022-12-23 16:01:44.401  INFO 15756 --- [http-nio-8080-exec-4] com.noticeboard.post.PostController      : page:0, keyword:
2022-12-23 16:13:08.958  INFO 15756 --- [Thread-6] j.LocalContainerEntityManagerFactoryBean : Closing JPA EntityManagerFactory for persistence unit 'default'
2022-12-23 16:13:08.962  INFO 15756 --- [Thread-6] com.zaxxer.hikari.HikariDataSource       : HikariPool-1 - Shutdown initiated...
2022-12-23 16:13:08.972  INFO 15756 --- [Thread-6] com.zaxxer.hikari.HikariDataSource       : HikariPool-1 - Shutdown completed.
2022-12-23 16:13:09.197  INFO 15756 --- [restartedMain] com.noticeboard.NoticeboardApplication   : Starting NoticeboardApplication using Java 1.8.0_352 on DESKTOP-VO0MAMP with PID 15756 (C:\Users\jeong\IdeaProjects\noticeboard\out\production\classes started by jeong in C:\Users\jeong\IdeaProjects\noticeboard)
2022-12-23 16:13:09.198  INFO 15756 --- [restartedMain] com.noticeboard.NoticeboardApplication   : No active profile set, falling back to 1 default profile: "default"
2022-12-23 16:13:09.442  INFO 15756 --- [restartedMain] .s.d.r.c.RepositoryConfigurationDelegate : Bootstrapping Spring Data JPA repositories in DEFAULT mode.
2022-12-23 16:13:09.478  INFO 15756 --- [restartedMain] .s.d.r.c.RepositoryConfigurationDelegate : Finished Spring Data repository scanning in 36 ms. Found 5 JPA repository interfaces.
2022-12-23 16:13:09.528  WARN 15756 --- [restartedMain] o.m.s.mapper.ClassPathMapperScanner      : No MyBatis mapper was found in '[com.noticeboard]' package. Please check your configuration.
2022-12-23 16:13:09.635  INFO 15756 --- [restartedMain] o.s.b.w.embedded.tomcat.TomcatWebServer  : Tomcat initialized with port(s): 8080 (http)
2022-12-23 16:13:09.636  INFO 15756 --- [restartedMain] o.apache.catalina.core.StandardService   : Starting service [Tomcat]
2022-12-23 16:13:09.636  INFO 15756 --- [restartedMain] org.apache.catalina.core.StandardEngine  : Starting Servlet engine: [Apache Tomcat/9.0.64]
2022-12-23 16:13:09.653  INFO 15756 --- [restartedMain] o.a.c.c.C.[Tomcat].[localhost].[/]       : Initializing Spring embedded WebApplicationContext
2022-12-23 16:13:09.653  INFO 15756 --- [restartedMain] w.s.c.ServletWebServerApplicationContext : Root WebApplicationContext: initialization completed in 453 ms
2022-12-23 16:13:09.728  INFO 15756 --- [restartedMain] o.hibernate.jpa.internal.util.LogHelper  : HHH000204: Processing PersistenceUnitInfo [name: default]
2022-12-23 16:13:09.732  INFO 15756 --- [restartedMain] com.zaxxer.hikari.HikariDataSource       : HikariPool-2 - Starting...
2022-12-23 16:13:09.762  INFO 15756 --- [restartedMain] com.zaxxer.hikari.HikariDataSource       : HikariPool-2 - Start completed.
2022-12-23 16:13:09.762  INFO 15756 --- [restartedMain] org.hibernate.dialect.Dialect            : HHH000400: Using dialect: org.hibernate.dialect.MySQL57Dialect
2022-12-23 16:13:09.898  INFO 15756 --- [restartedMain] o.h.e.t.j.p.i.JtaPlatformInitiator       : HHH000490: Using JtaPlatform implementation: [org.hibernate.engine.transaction.jta.platform.internal.NoJtaPlatform]
2022-12-23 16:13:09.898  INFO 15756 --- [restartedMain] j.LocalContainerEntityManagerFactoryBean : Initialized JPA EntityManagerFactory for persistence unit 'default'
2022-12-23 16:13:10.262  INFO 15756 --- [restartedMain] o.s.s.web.DefaultSecurityFilterChain     : Will secure any request with [org.springframework.security.web.session.DisableEncodeUrlFilter@3846f88a, org.springframework.security.web.context.request.async.WebAsyncManagerIntegrationFilter@5c44874e, org.springframework.security.web.context.SecurityContextPersistenceFilter@14929f64, org.springframework.security.web.header.HeaderWriterFilter@15617ce0, org.springframework.security.web.csrf.CsrfFilter@1523362b, org.springframework.security.web.authentication.logout.LogoutFilter@2f27fc2b, org.springframework.security.web.authentication.UsernamePasswordAuthenticationFilter@28908f17, org.springframework.security.web.savedrequest.RequestCacheAwareFilter@4a202b96, org.springframework.security.web.servletapi.SecurityContextHolderAwareRequestFilter@5438c84e, org.springframework.security.web.authentication.AnonymousAuthenticationFilter@6c891190, org.springframework.security.web.session.SessionManagementFilter@188c7030, org.springframework.security.web.access.ExceptionTranslationFilter@16390aba, org.springframework.security.web.access.intercept.AuthorizationFilter@7678c0a6]
2022-12-23 16:13:10.292  WARN 15756 --- [restartedMain] JpaBaseConfiguration$JpaWebConfiguration : spring.jpa.open-in-view is enabled by default. Therefore, database queries may be performed during view rendering. Explicitly configure spring.jpa.open-in-view to disable this warning
2022-12-23 16:13:10.510  INFO 15756 --- [restartedMain] o.s.b.d.a.OptionalLiveReloadServer       : LiveReload server is running on port 35729
2022-12-23 16:13:10.519  INFO 15756 --- [restartedMain] o.s.b.w.embedded.tomcat.TomcatWebServer  : Tomcat started on port(s): 8080 (http) with context path ''
2022-12-23 16:13:10.524  INFO 15756 --- [restartedMain] com.noticeboard.NoticeboardApplication   : Started NoticeboardApplication in 1.364 seconds (JVM running for 717.779)
2022-12-23 16:13:10.525  INFO 15756 --- [restartedMain] .ConditionEvaluationDeltaLoggingListener : Condition evaluation unchanged
2022-12-23 16:13:12.156  INFO 15756 --- [Thread-8] j.LocalContainerEntityManagerFactoryBean : Closing JPA EntityManagerFactory for persistence unit 'default'
2022-12-23 16:13:12.157  INFO 15756 --- [Thread-8] com.zaxxer.hikari.HikariDataSource       : HikariPool-2 - Shutdown initiated...
2022-12-23 16:13:12.166  INFO 15756 --- [Thread-8] com.zaxxer.hikari.HikariDataSource       : HikariPool-2 - Shutdown completed.
2022-12-23 16:13:12.367  INFO 15756 --- [restartedMain] com.noticeboard.NoticeboardApplication   : Starting NoticeboardApplication using Java 1.8.0_352 on DESKTOP-VO0MAMP with PID 15756 (C:\Users\jeong\IdeaProjects\noticeboard\out\production\classes started by jeong in C:\Users\jeong\IdeaProjects\noticeboard)
2022-12-23 16:13:12.368  INFO 15756 --- [restartedMain] com.noticeboard.NoticeboardApplication   : No active profile set, falling back to 1 default profile: "default"
2022-12-23 16:13:12.620  INFO 15756 --- [restartedMain] .s.d.r.c.RepositoryConfigurationDelegate : Bootstrapping Spring Data JPA repositories in DEFAULT mode.
2022-12-23 16:13:12.656  INFO 15756 --- [restartedMain] .s.d.r.c.RepositoryConfigurationDelegate : Finished Spring Data repository scanning in 34 ms. Found 5 JPA repository interfaces.
2022-12-23 16:13:12.704  WARN 15756 --- [restartedMain] o.m.s.mapper.ClassPathMapperScanner      : No MyBatis mapper was found in '[com.noticeboard]' package. Please check your configuration.
2022-12-23 16:13:12.804  INFO 15756 --- [restartedMain] o.s.b.w.embedded.tomcat.TomcatWebServer  : Tomcat initialized with port(s): 8080 (http)
2022-12-23 16:13:12.805  INFO 15756 --- [restartedMain] o.apache.catalina.core.StandardService   : Starting service [Tomcat]
2022-12-23 16:13:12.805  INFO 15756 --- [restartedMain] org.apache.catalina.core.StandardEngine  : Starting Servlet engine: [Apache Tomcat/9.0.64]
2022-12-23 16:13:12.822  INFO 15756 --- [restartedMain] o.a.c.c.C.[Tomcat].[localhost].[/]       : Initializing Spring embedded WebApplicationContext
2022-12-23 16:13:12.822  INFO 15756 --- [restartedMain] w.s.c.ServletWebServerApplicationContext : Root WebApplicationContext: initialization completed in 451 ms
2022-12-23 16:13:12.888  INFO 15756 --- [restartedMain] o.hibernate.jpa.internal.util.LogHelper  : HHH000204: Processing PersistenceUnitInfo [name: default]
2022-12-23 16:13:12.892  INFO 15756 --- [restartedMain] com.zaxxer.hikari.HikariDataSource       : HikariPool-3 - Starting...
2022-12-23 16:13:12.921  INFO 15756 --- [restartedMain] com.zaxxer.hikari.HikariDataSource       : HikariPool-3 - Start completed.
2022-12-23 16:13:12.921  INFO 15756 --- [restartedMain] org.hibernate.dialect.Dialect            : HHH000400: Using dialect: org.hibernate.dialect.MySQL57Dialect
2022-12-23 16:13:13.026  INFO 15756 --- [restartedMain] o.h.e.t.j.p.i.JtaPlatformInitiator       : HHH000490: Using JtaPlatform implementation: [org.hibernate.engine.transaction.jta.platform.internal.NoJtaPlatform]
2022-12-23 16:13:13.026  INFO 15756 --- [restartedMain] j.LocalContainerEntityManagerFactoryBean : Initialized JPA EntityManagerFactory for persistence unit 'default'
2022-12-23 16:13:13.328  INFO 15756 --- [restartedMain] o.s.s.web.DefaultSecurityFilterChain     : Will secure any request with [org.springframework.security.web.session.DisableEncodeUrlFilter@4b0db5da, org.springframework.security.web.context.request.async.WebAsyncManagerIntegrationFilter@7044286f, org.springframework.security.web.context.SecurityContextPersistenceFilter@4de41f02, org.springframework.security.web.header.HeaderWriterFilter@28dce855, org.springframework.security.web.csrf.CsrfFilter@47c68f9c, org.springframework.security.web.authentication.logout.LogoutFilter@6f7eaa64, org.springframework.security.web.authentication.UsernamePasswordAuthenticationFilter@51ba1803, org.springframework.security.web.savedrequest.RequestCacheAwareFilter@1d4ac79e, org.springframework.security.web.servletapi.SecurityContextHolderAwareRequestFilter@529b1a22, org.springframework.security.web.authentication.AnonymousAuthenticationFilter@43601357, org.springframework.security.web.session.SessionManagementFilter@3e2ddd34, org.springframework.security.web.access.ExceptionTranslationFilter@4242479f, org.springframework.security.web.access.intercept.AuthorizationFilter@2e83a282]
2022-12-23 16:13:13.353  WARN 15756 --- [restartedMain] JpaBaseConfiguration$JpaWebConfiguration : spring.jpa.open-in-view is enabled by default. Therefore, database queries may be performed during view rendering. Explicitly configure spring.jpa.open-in-view to disable this warning
2022-12-23 16:13:13.566  INFO 15756 --- [restartedMain] o.s.b.d.a.OptionalLiveReloadServer       : LiveReload server is running on port 35729
2022-12-23 16:13:13.594  INFO 15756 --- [restartedMain] o.s.b.w.embedded.tomcat.TomcatWebServer  : Tomcat started on port(s): 8080 (http) with context path ''
2022-12-23 16:13:13.599  INFO 15756 --- [restartedMain] com.noticeboard.NoticeboardApplication   : Started NoticeboardApplication in 1.258 seconds (JVM running for 720.853)
2022-12-23 16:13:13.600  INFO 15756 --- [restartedMain] .ConditionEvaluationDeltaLoggingListener : Condition evaluation unchanged
2022-12-23 16:13:16.612  INFO 15756 --- [SpringApplicationShutdownHook] j.LocalContainerEntityManagerFactoryBean : Closing JPA EntityManagerFactory for persistence unit 'default'
2022-12-23 16:13:16.614  INFO 15756 --- [SpringApplicationShutdownHook] com.zaxxer.hikari.HikariDataSource       : HikariPool-3 - Shutdown initiated...
2022-12-23 16:13:16.622  INFO 15756 --- [SpringApplicationShutdownHook] com.zaxxer.hikari.HikariDataSource       : HikariPool-3 - Shutdown completed.
2022-12-23 16:13:32.562  INFO 13744 --- [Test worker] c.n.NoticeboardApplicationTests          : Starting NoticeboardApplicationTests using Java 1.8.0_111 on DESKTOP-VO0MAMP with PID 13744 (started by jeong in C:\Users\jeong\IdeaProjects\noticeboard)
2022-12-23 16:13:32.564  INFO 13744 --- [Test worker] c.n.NoticeboardApplicationTests          : No active profile set, falling back to 1 default profile: "default"
2022-12-23 16:13:33.766  INFO 13744 --- [Test worker] .s.d.r.c.RepositoryConfigurationDelegate : Bootstrapping Spring Data JPA repositories in DEFAULT mode.
2022-12-23 16:13:33.844  INFO 13744 --- [Test worker] .s.d.r.c.RepositoryConfigurationDelegate : Finished Spring Data repository scanning in 68 ms. Found 5 JPA repository interfaces.
2022-12-23 16:13:33.984  WARN 13744 --- [Test worker] o.m.s.mapper.ClassPathMapperScanner      : No MyBatis mapper was found in '[com.noticeboard]' package. Please check your configuration.
2022-12-23 16:13:34.499  INFO 13744 --- [Test worker] o.hibernate.jpa.internal.util.LogHelper  : HHH000204: Processing PersistenceUnitInfo [name: default]
2022-12-23 16:13:34.567  INFO 13744 --- [Test worker] org.hibernate.Version                    : HHH000412: Hibernate ORM core version 5.6.9.Final
2022-12-23 16:13:34.757  INFO 13744 --- [Test worker] o.hibernate.annotations.common.Version   : HCANN000001: Hibernate Commons Annotations {5.1.2.Final}
2022-12-23 16:13:34.864  INFO 13744 --- [Test worker] com.zaxxer.hikari.HikariDataSource       : HikariPool-1 - Starting...
2022-12-23 16:13:35.434  INFO 13744 --- [Test worker] com.zaxxer.hikari.HikariDataSource       : HikariPool-1 - Start completed.
2022-12-23 16:13:35.466  INFO 13744 --- [Test worker] org.hibernate.dialect.Dialect            : HHH000400: Using dialect: org.hibernate.dialect.MySQL57Dialect
2022-12-23 16:13:36.609  INFO 13744 --- [Test worker] o.h.e.t.j.p.i.JtaPlatformInitiator       : HHH000490: Using JtaPlatform implementation: [org.hibernate.engine.transaction.jta.platform.internal.NoJtaPlatform]
2022-12-23 16:13:36.618  INFO 13744 --- [Test worker] j.LocalContainerEntityManagerFactoryBean : Initialized JPA EntityManagerFactory for persistence unit 'default'
2022-12-23 16:13:37.527  INFO 13744 --- [Test worker] o.s.s.web.DefaultSecurityFilterChain     : Will secure any request with [org.springframework.security.web.session.DisableEncodeUrlFilter@64508788, org.springframework.security.web.context.request.async.WebAsyncManagerIntegrationFilter@30b1c5d5, org.springframework.security.web.context.SecurityContextPersistenceFilter@25bc65ab, org.springframework.security.web.header.HeaderWriterFilter@49153009, org.springframework.security.web.csrf.CsrfFilter@5fafa76d, org.springframework.security.web.authentication.logout.LogoutFilter@4738131e, org.springframework.security.web.authentication.UsernamePasswordAuthenticationFilter@1a77eb6, org.springframework.security.web.savedrequest.RequestCacheAwareFilter@321b7b9e, org.springframework.security.web.servletapi.SecurityContextHolderAwareRequestFilter@55b74e6b, org.springframework.security.web.authentication.AnonymousAuthenticationFilter@3e2d65e1, org.springframework.security.web.session.SessionManagementFilter@7aa63f50, org.springframework.security.web.access.ExceptionTranslationFilter@bff764c, org.springframework.security.web.access.intercept.AuthorizationFilter@44392e64]
2022-12-23 16:13:37.916  WARN 13744 --- [Test worker] JpaBaseConfiguration$JpaWebConfiguration : spring.jpa.open-in-view is enabled by default. Therefore, database queries may be performed during view rendering. Explicitly configure spring.jpa.open-in-view to disable this warning
2022-12-23 16:13:39.571  INFO 13744 --- [Test worker] c.n.NoticeboardApplicationTests          : Started NoticeboardApplicationTests in 7.315 seconds (JVM running for 8.734)
2022-12-23 16:13:39.737  INFO 13744 --- [SpringApplicationShutdownHook] j.LocalContainerEntityManagerFactoryBean : Closing JPA EntityManagerFactory for persistence unit 'default'
2022-12-23 16:13:39.740  INFO 13744 --- [SpringApplicationShutdownHook] com.zaxxer.hikari.HikariDataSource       : HikariPool-1 - Shutdown initiated...
2022-12-23 16:13:39.754  INFO 13744 --- [SpringApplicationShutdownHook] com.zaxxer.hikari.HikariDataSource       : HikariPool-1 - Shutdown completed.
