2023-01-09 13:54:11.194  INFO 12432 --- [restartedMain] com.noticeboard.NoticeboardApplication   : Starting NoticeboardApplication using Java 1.8.0_352 on DESKTOP-VO0MAMP with PID 12432 (C:\Users\jeong\IdeaProjects\noticeboard\out\production\classes started by jeong in C:\Users\jeong\IdeaProjects\noticeboard)
2023-01-09 13:54:11.204  INFO 12432 --- [restartedMain] com.noticeboard.NoticeboardApplication   : No active profile set, falling back to 1 default profile: "default"
2023-01-09 13:54:11.511  INFO 12432 --- [restartedMain] .e.DevToolsPropertyDefaultsPostProcessor : Devtools property defaults active! Set 'spring.devtools.add-properties' to 'false' to disable
2023-01-09 13:54:11.511  INFO 12432 --- [restartedMain] .e.DevToolsPropertyDefaultsPostProcessor : For additional web related logging consider setting the 'logging.level.web' property to 'DEBUG'
2023-01-09 13:54:12.333  INFO 12432 --- [restartedMain] .s.d.r.c.RepositoryConfigurationDelegate : Bootstrapping Spring Data JPA repositories in DEFAULT mode.
2023-01-09 13:54:12.424  INFO 12432 --- [restartedMain] .s.d.r.c.RepositoryConfigurationDelegate : Finished Spring Data repository scanning in 79 ms. Found 5 JPA repository interfaces.
2023-01-09 13:54:12.597  WARN 12432 --- [restartedMain] o.m.s.mapper.ClassPathMapperScanner      : No MyBatis mapper was found in '[com.noticeboard]' package. Please check your configuration.
2023-01-09 13:54:13.340  INFO 12432 --- [restartedMain] o.s.b.w.embedded.tomcat.TomcatWebServer  : Tomcat initialized with port(s): 8080 (http)
2023-01-09 13:54:13.349  INFO 12432 --- [restartedMain] o.apache.catalina.core.StandardService   : Starting service [Tomcat]
2023-01-09 13:54:13.350  INFO 12432 --- [restartedMain] org.apache.catalina.core.StandardEngine  : Starting Servlet engine: [Apache Tomcat/9.0.64]
2023-01-09 13:54:13.453  INFO 12432 --- [restartedMain] o.a.c.c.C.[Tomcat].[localhost].[/]       : Initializing Spring embedded WebApplicationContext
2023-01-09 13:54:13.454  INFO 12432 --- [restartedMain] w.s.c.ServletWebServerApplicationContext : Root WebApplicationContext: initialization completed in 1942 ms
2023-01-09 13:54:13.607  INFO 12432 --- [restartedMain] o.hibernate.jpa.internal.util.LogHelper  : HHH000204: Processing PersistenceUnitInfo [name: default]
2023-01-09 13:54:13.718  INFO 12432 --- [restartedMain] org.hibernate.Version                    : HHH000412: Hibernate ORM core version 5.6.9.Final
2023-01-09 13:54:13.885  INFO 12432 --- [restartedMain] o.hibernate.annotations.common.Version   : HCANN000001: Hibernate Commons Annotations {5.1.2.Final}
2023-01-09 13:54:13.980  INFO 12432 --- [restartedMain] com.zaxxer.hikari.HikariDataSource       : HikariPool-1 - Starting...
2023-01-09 13:54:14.342  INFO 12432 --- [restartedMain] com.zaxxer.hikari.HikariDataSource       : HikariPool-1 - Start completed.
2023-01-09 13:54:14.360  INFO 12432 --- [restartedMain] org.hibernate.dialect.Dialect            : HHH000400: Using dialect: org.hibernate.dialect.MySQL57Dialect
2023-01-09 13:54:15.255  INFO 12432 --- [restartedMain] o.h.e.t.j.p.i.JtaPlatformInitiator       : HHH000490: Using JtaPlatform implementation: [org.hibernate.engine.transaction.jta.platform.internal.NoJtaPlatform]
2023-01-09 13:54:15.264  INFO 12432 --- [restartedMain] j.LocalContainerEntityManagerFactoryBean : Initialized JPA EntityManagerFactory for persistence unit 'default'
2023-01-09 13:54:16.065  INFO 12432 --- [restartedMain] o.s.s.web.DefaultSecurityFilterChain     : Will secure any request with [org.springframework.security.web.session.DisableEncodeUrlFilter@4b7d7b91, org.springframework.security.web.context.request.async.WebAsyncManagerIntegrationFilter@28f930b6, org.springframework.security.web.context.SecurityContextPersistenceFilter@44ed19c, org.springframework.security.web.header.HeaderWriterFilter@148f4b4, org.springframework.security.web.csrf.CsrfFilter@7eaba8a5, org.springframework.security.web.authentication.logout.LogoutFilter@5e1da7ee, org.springframework.security.web.authentication.UsernamePasswordAuthenticationFilter@57868b28, org.springframework.security.web.savedrequest.RequestCacheAwareFilter@6d9389c9, org.springframework.security.web.servletapi.SecurityContextHolderAwareRequestFilter@33cf6957, org.springframework.security.web.authentication.AnonymousAuthenticationFilter@49a9ece, org.springframework.security.web.session.SessionManagementFilter@3c871eac, org.springframework.security.web.access.ExceptionTranslationFilter@2178642f, org.springframework.security.web.access.intercept.AuthorizationFilter@51ffc99c]
2023-01-09 13:54:16.161  WARN 12432 --- [restartedMain] JpaBaseConfiguration$JpaWebConfiguration : spring.jpa.open-in-view is enabled by default. Therefore, database queries may be performed during view rendering. Explicitly configure spring.jpa.open-in-view to disable this warning
2023-01-09 13:54:16.734  INFO 12432 --- [restartedMain] o.s.b.d.a.OptionalLiveReloadServer       : LiveReload server is running on port 35729
2023-01-09 13:54:16.765  INFO 12432 --- [restartedMain] o.s.b.w.embedded.tomcat.TomcatWebServer  : Tomcat started on port(s): 8080 (http) with context path ''
2023-01-09 13:54:16.775  INFO 12432 --- [restartedMain] com.noticeboard.NoticeboardApplication   : Started NoticeboardApplication in 6.183 seconds (JVM running for 6.965)
2023-01-09 13:54:29.611  INFO 12432 --- [http-nio-8080-exec-1] o.a.c.c.C.[Tomcat].[localhost].[/]       : Initializing Spring DispatcherServlet 'dispatcherServlet'
2023-01-09 13:54:29.612  INFO 12432 --- [http-nio-8080-exec-1] o.s.web.servlet.DispatcherServlet        : Initializing Servlet 'dispatcherServlet'
2023-01-09 13:54:29.613  INFO 12432 --- [http-nio-8080-exec-1] o.s.web.servlet.DispatcherServlet        : Completed initialization in 1 ms
2023-01-09 13:54:29.698  INFO 12432 --- [http-nio-8080-exec-4] com.noticeboard.post.PostController      : page:0, keyword:
2023-01-09 13:54:30.586  WARN 12432 --- [http-nio-8080-exec-4] n.n.u.t.l.fragments.FragmentProcessor    : You don't need to put the layout:fragment/data-layout-fragment attribute into the <head> section - the decoration process will automatically copy the <head> section of your content templates into your layout page.
2023-01-09 13:55:28.668  INFO 12432 --- [http-nio-8080-exec-9] com.noticeboard.post.PostController      : page:0, keyword:
2023-01-09 14:06:21.871  INFO 12432 --- [Thread-6] j.LocalContainerEntityManagerFactoryBean : Closing JPA EntityManagerFactory for persistence unit 'default'
2023-01-09 14:06:21.877  INFO 12432 --- [Thread-6] com.zaxxer.hikari.HikariDataSource       : HikariPool-1 - Shutdown initiated...
2023-01-09 14:06:21.887  INFO 12432 --- [Thread-6] com.zaxxer.hikari.HikariDataSource       : HikariPool-1 - Shutdown completed.
2023-01-09 14:06:22.100  INFO 12432 --- [restartedMain] com.noticeboard.NoticeboardApplication   : Starting NoticeboardApplication using Java 1.8.0_352 on DESKTOP-VO0MAMP with PID 12432 (C:\Users\jeong\IdeaProjects\noticeboard\out\production\classes started by jeong in C:\Users\jeong\IdeaProjects\noticeboard)
2023-01-09 14:06:22.101  INFO 12432 --- [restartedMain] com.noticeboard.NoticeboardApplication   : No active profile set, falling back to 1 default profile: "default"
2023-01-09 14:06:22.421  INFO 12432 --- [restartedMain] .s.d.r.c.RepositoryConfigurationDelegate : Bootstrapping Spring Data JPA repositories in DEFAULT mode.
2023-01-09 14:06:22.459  INFO 12432 --- [restartedMain] .s.d.r.c.RepositoryConfigurationDelegate : Finished Spring Data repository scanning in 37 ms. Found 5 JPA repository interfaces.
2023-01-09 14:06:22.513  WARN 12432 --- [restartedMain] o.m.s.mapper.ClassPathMapperScanner      : No MyBatis mapper was found in '[com.noticeboard]' package. Please check your configuration.
2023-01-09 14:06:22.627  INFO 12432 --- [restartedMain] o.s.b.w.embedded.tomcat.TomcatWebServer  : Tomcat initialized with port(s): 8080 (http)
2023-01-09 14:06:22.628  INFO 12432 --- [restartedMain] o.apache.catalina.core.StandardService   : Starting service [Tomcat]
2023-01-09 14:06:22.628  INFO 12432 --- [restartedMain] org.apache.catalina.core.StandardEngine  : Starting Servlet engine: [Apache Tomcat/9.0.64]
2023-01-09 14:06:22.650  INFO 12432 --- [restartedMain] o.a.c.c.C.[Tomcat].[localhost].[/]       : Initializing Spring embedded WebApplicationContext
2023-01-09 14:06:22.651  INFO 12432 --- [restartedMain] w.s.c.ServletWebServerApplicationContext : Root WebApplicationContext: initialization completed in 547 ms
2023-01-09 14:06:22.722  INFO 12432 --- [restartedMain] o.hibernate.jpa.internal.util.LogHelper  : HHH000204: Processing PersistenceUnitInfo [name: default]
2023-01-09 14:06:22.727  INFO 12432 --- [restartedMain] com.zaxxer.hikari.HikariDataSource       : HikariPool-2 - Starting...
2023-01-09 14:06:22.761  INFO 12432 --- [restartedMain] com.zaxxer.hikari.HikariDataSource       : HikariPool-2 - Start completed.
2023-01-09 14:06:22.762  INFO 12432 --- [restartedMain] org.hibernate.dialect.Dialect            : HHH000400: Using dialect: org.hibernate.dialect.MySQL57Dialect
2023-01-09 14:06:22.906  INFO 12432 --- [restartedMain] o.h.e.t.j.p.i.JtaPlatformInitiator       : HHH000490: Using JtaPlatform implementation: [org.hibernate.engine.transaction.jta.platform.internal.NoJtaPlatform]
2023-01-09 14:06:22.907  INFO 12432 --- [restartedMain] j.LocalContainerEntityManagerFactoryBean : Initialized JPA EntityManagerFactory for persistence unit 'default'
2023-01-09 14:06:23.212  INFO 12432 --- [restartedMain] o.s.s.web.DefaultSecurityFilterChain     : Will secure any request with [org.springframework.security.web.session.DisableEncodeUrlFilter@43c466e2, org.springframework.security.web.context.request.async.WebAsyncManagerIntegrationFilter@68d76c25, org.springframework.security.web.context.SecurityContextPersistenceFilter@5d4e5815, org.springframework.security.web.header.HeaderWriterFilter@297e28b4, org.springframework.security.web.csrf.CsrfFilter@15a8df4c, org.springframework.security.web.authentication.logout.LogoutFilter@22220242, org.springframework.security.web.authentication.UsernamePasswordAuthenticationFilter@71464a9a, org.springframework.security.web.savedrequest.RequestCacheAwareFilter@267df7c4, org.springframework.security.web.servletapi.SecurityContextHolderAwareRequestFilter@7e1e5037, org.springframework.security.web.authentication.AnonymousAuthenticationFilter@54958f10, org.springframework.security.web.session.SessionManagementFilter@e4fb42f, org.springframework.security.web.access.ExceptionTranslationFilter@3da8cc14, org.springframework.security.web.access.intercept.AuthorizationFilter@673b68bf]
2023-01-09 14:06:23.243  WARN 12432 --- [restartedMain] JpaBaseConfiguration$JpaWebConfiguration : spring.jpa.open-in-view is enabled by default. Therefore, database queries may be performed during view rendering. Explicitly configure spring.jpa.open-in-view to disable this warning
2023-01-09 14:06:23.429  INFO 12432 --- [restartedMain] o.s.b.d.a.OptionalLiveReloadServer       : LiveReload server is running on port 35729
2023-01-09 14:06:23.439  INFO 12432 --- [restartedMain] o.s.b.w.embedded.tomcat.TomcatWebServer  : Tomcat started on port(s): 8080 (http) with context path ''
2023-01-09 14:06:23.444  INFO 12432 --- [restartedMain] com.noticeboard.NoticeboardApplication   : Started NoticeboardApplication in 1.377 seconds (JVM running for 733.634)
2023-01-09 14:06:23.445  INFO 12432 --- [restartedMain] .ConditionEvaluationDeltaLoggingListener : Condition evaluation unchanged
2023-01-09 14:10:21.252  INFO 12432 --- [http-nio-8080-exec-1] o.a.c.c.C.[Tomcat].[localhost].[/]       : Initializing Spring DispatcherServlet 'dispatcherServlet'
2023-01-09 14:10:21.254  INFO 12432 --- [http-nio-8080-exec-1] o.s.web.servlet.DispatcherServlet        : Initializing Servlet 'dispatcherServlet'
2023-01-09 14:10:21.256  INFO 12432 --- [http-nio-8080-exec-1] o.s.web.servlet.DispatcherServlet        : Completed initialization in 1 ms
2023-01-09 14:10:23.204  INFO 12432 --- [http-nio-8080-exec-4] com.noticeboard.post.PostController      : page:5, keyword:
2023-01-09 14:10:30.313  INFO 12432 --- [http-nio-8080-exec-3] com.noticeboard.post.PostController      : page:6, keyword:
2023-01-09 14:11:03.104  INFO 12432 --- [http-nio-8080-exec-9] com.noticeboard.post.PostController      : page:7, keyword:
2023-01-09 14:11:04.618  INFO 12432 --- [http-nio-8080-exec-7] com.noticeboard.post.PostController      : page:6, keyword:
2023-01-09 14:11:09.601  INFO 12432 --- [http-nio-8080-exec-2] com.noticeboard.post.PostController      : page:0, keyword:
2023-01-09 14:11:14.118  INFO 12432 --- [http-nio-8080-exec-3] com.noticeboard.post.PostController      : page:5, keyword:
2023-01-09 14:11:52.536  INFO 12432 --- [http-nio-8080-exec-5] com.noticeboard.post.PostController      : page:6, keyword:
2023-01-09 14:11:54.928  INFO 12432 --- [http-nio-8080-exec-6] com.noticeboard.post.PostController      : page:1, keyword:
2023-01-09 14:17:28.067  INFO 12432 --- [http-nio-8080-exec-8] com.noticeboard.post.PostController      : page:30, keyword:
2023-01-09 14:17:34.337  INFO 12432 --- [http-nio-8080-exec-7] com.noticeboard.post.PostController      : page:0, keyword:
2023-01-09 14:18:26.602  INFO 12432 --- [http-nio-8080-exec-2] com.noticeboard.post.PostController      : page:3, keyword:
2023-01-09 14:18:37.027  INFO 12432 --- [http-nio-8080-exec-1] com.noticeboard.post.PostController      : page:4, keyword:
2023-01-09 14:18:41.304  INFO 12432 --- [http-nio-8080-exec-10] com.noticeboard.post.PostController      : page:0, keyword:
2023-01-09 14:22:19.163  INFO 12432 --- [http-nio-8080-exec-5] com.noticeboard.post.PostController      : page:0, keyword:
2023-01-09 14:22:20.847  INFO 12432 --- [http-nio-8080-exec-8] com.noticeboard.post.PostController      : page:30, keyword:
2023-01-09 14:22:25.274  INFO 12432 --- [http-nio-8080-exec-2] com.noticeboard.post.PostController      : page:0, keyword:
2023-01-09 14:22:29.541  INFO 12432 --- [http-nio-8080-exec-7] com.noticeboard.post.PostController      : page:5, keyword:
2023-01-09 14:22:33.638  INFO 12432 --- [http-nio-8080-exec-9] com.noticeboard.post.PostController      : page:0, keyword:
2023-01-09 14:22:35.032  INFO 12432 --- [http-nio-8080-exec-8] com.noticeboard.post.PostController      : page:5, keyword:
2023-01-09 14:22:37.171  INFO 12432 --- [http-nio-8080-exec-10] com.noticeboard.post.PostController      : page:7, keyword:
2023-01-09 14:22:38.890  INFO 12432 --- [http-nio-8080-exec-9] com.noticeboard.post.PostController      : page:12, keyword:
2023-01-09 14:22:41.177  INFO 12432 --- [http-nio-8080-exec-2] com.noticeboard.post.PostController      : page:11, keyword:
2023-01-09 14:22:43.391  INFO 12432 --- [http-nio-8080-exec-7] com.noticeboard.post.PostController      : page:13, keyword:
2023-01-09 14:22:49.489  INFO 12432 --- [http-nio-8080-exec-6] com.noticeboard.post.PostController      : page:18, keyword:
2023-01-09 14:22:50.993  INFO 12432 --- [http-nio-8080-exec-8] com.noticeboard.post.PostController      : page:0, keyword:
2023-01-09 14:22:52.332  INFO 12432 --- [http-nio-8080-exec-7] com.noticeboard.post.PostController      : page:30, keyword:
2023-01-09 14:22:55.379  INFO 12432 --- [http-nio-8080-exec-10] com.noticeboard.post.PostController      : page:25, keyword:
2023-01-09 14:23:41.649  INFO 12432 --- [http-nio-8080-exec-6] com.noticeboard.post.PostController      : page:30, keyword:
2023-01-09 14:32:10.384  INFO 12432 --- [http-nio-8080-exec-9] com.noticeboard.post.PostController      : page:0, keyword:
2023-01-09 14:58:54.373  INFO 12432 --- [http-nio-8080-exec-1] com.noticeboard.post.PostController      : page:0, keyword:
2023-01-09 14:59:05.735  INFO 12432 --- [http-nio-8080-exec-6] com.noticeboard.post.PostController      : page:4, keyword:
2023-01-09 14:59:09.183  INFO 12432 --- [http-nio-8080-exec-3] com.noticeboard.post.PostController      : page:9, keyword:
2023-01-09 14:59:10.861  INFO 12432 --- [http-nio-8080-exec-5] com.noticeboard.post.PostController      : page:4, keyword:
2023-01-09 14:59:11.879  INFO 12432 --- [http-nio-8080-exec-9] com.noticeboard.post.PostController      : page:0, keyword:
2023-01-09 15:00:31.689  INFO 12432 --- [http-nio-8080-exec-7] com.noticeboard.post.PostController      : page:4, keyword:
2023-01-09 15:00:33.767  INFO 12432 --- [http-nio-8080-exec-1] com.noticeboard.post.PostController      : page:0, keyword:
2023-01-09 15:00:35.241  INFO 12432 --- [http-nio-8080-exec-9] com.noticeboard.post.PostController      : page:30, keyword:
2023-01-09 15:00:40.646  INFO 12432 --- [http-nio-8080-exec-3] com.noticeboard.post.PostController      : page:25, keyword:
2023-01-09 15:00:44.463  INFO 12432 --- [http-nio-8080-exec-10] com.noticeboard.post.PostController      : page:0, keyword:
2023-01-09 15:04:45.262  INFO 12432 --- [SpringApplicationShutdownHook] j.LocalContainerEntityManagerFactoryBean : Closing JPA EntityManagerFactory for persistence unit 'default'
2023-01-09 15:04:45.264  INFO 12432 --- [SpringApplicationShutdownHook] com.zaxxer.hikari.HikariDataSource       : HikariPool-2 - Shutdown initiated...
2023-01-09 15:04:45.267  INFO 12432 --- [SpringApplicationShutdownHook] com.zaxxer.hikari.HikariDataSource       : HikariPool-2 - Shutdown completed.
2023-01-09 15:04:50.580  INFO 10344 --- [restartedMain] com.noticeboard.NoticeboardApplication   : Starting NoticeboardApplication using Java 1.8.0_352 on DESKTOP-VO0MAMP with PID 10344 (C:\Users\jeong\IdeaProjects\noticeboard\out\production\classes started by jeong in C:\Users\jeong\IdeaProjects\noticeboard)
2023-01-09 15:04:50.582  INFO 10344 --- [restartedMain] com.noticeboard.NoticeboardApplication   : No active profile set, falling back to 1 default profile: "default"
2023-01-09 15:04:50.842  INFO 10344 --- [restartedMain] .e.DevToolsPropertyDefaultsPostProcessor : Devtools property defaults active! Set 'spring.devtools.add-properties' to 'false' to disable
2023-01-09 15:04:50.843  INFO 10344 --- [restartedMain] .e.DevToolsPropertyDefaultsPostProcessor : For additional web related logging consider setting the 'logging.level.web' property to 'DEBUG'
2023-01-09 15:04:51.502  INFO 10344 --- [restartedMain] .s.d.r.c.RepositoryConfigurationDelegate : Bootstrapping Spring Data JPA repositories in DEFAULT mode.
2023-01-09 15:04:51.574  INFO 10344 --- [restartedMain] .s.d.r.c.RepositoryConfigurationDelegate : Finished Spring Data repository scanning in 64 ms. Found 5 JPA repository interfaces.
2023-01-09 15:04:51.740  WARN 10344 --- [restartedMain] o.m.s.mapper.ClassPathMapperScanner      : No MyBatis mapper was found in '[com.noticeboard]' package. Please check your configuration.
2023-01-09 15:04:52.473  INFO 10344 --- [restartedMain] o.s.b.w.embedded.tomcat.TomcatWebServer  : Tomcat initialized with port(s): 8080 (http)
2023-01-09 15:04:52.484  INFO 10344 --- [restartedMain] o.apache.catalina.core.StandardService   : Starting service [Tomcat]
2023-01-09 15:04:52.485  INFO 10344 --- [restartedMain] org.apache.catalina.core.StandardEngine  : Starting Servlet engine: [Apache Tomcat/9.0.64]
2023-01-09 15:04:52.600  INFO 10344 --- [restartedMain] o.a.c.c.C.[Tomcat].[localhost].[/]       : Initializing Spring embedded WebApplicationContext
2023-01-09 15:04:52.600  INFO 10344 --- [restartedMain] w.s.c.ServletWebServerApplicationContext : Root WebApplicationContext: initialization completed in 1757 ms
2023-01-09 15:04:52.782  INFO 10344 --- [restartedMain] o.hibernate.jpa.internal.util.LogHelper  : HHH000204: Processing PersistenceUnitInfo [name: default]
2023-01-09 15:04:52.893  INFO 10344 --- [restartedMain] org.hibernate.Version                    : HHH000412: Hibernate ORM core version 5.6.9.Final
2023-01-09 15:04:53.074  INFO 10344 --- [restartedMain] o.hibernate.annotations.common.Version   : HCANN000001: Hibernate Commons Annotations {5.1.2.Final}
2023-01-09 15:04:53.177  INFO 10344 --- [restartedMain] com.zaxxer.hikari.HikariDataSource       : HikariPool-1 - Starting...
2023-01-09 15:04:53.463  INFO 10344 --- [restartedMain] com.zaxxer.hikari.HikariDataSource       : HikariPool-1 - Start completed.
2023-01-09 15:04:53.482  INFO 10344 --- [restartedMain] org.hibernate.dialect.Dialect            : HHH000400: Using dialect: org.hibernate.dialect.MySQL57Dialect
2023-01-09 15:04:54.261  INFO 10344 --- [restartedMain] o.h.e.t.j.p.i.JtaPlatformInitiator       : HHH000490: Using JtaPlatform implementation: [org.hibernate.engine.transaction.jta.platform.internal.NoJtaPlatform]
2023-01-09 15:04:54.270  INFO 10344 --- [restartedMain] j.LocalContainerEntityManagerFactoryBean : Initialized JPA EntityManagerFactory for persistence unit 'default'
2023-01-09 15:04:55.113  INFO 10344 --- [restartedMain] o.s.s.web.DefaultSecurityFilterChain     : Will secure any request with [org.springframework.security.web.session.DisableEncodeUrlFilter@4296c260, org.springframework.security.web.context.request.async.WebAsyncManagerIntegrationFilter@49fce91e, org.springframework.security.web.context.SecurityContextPersistenceFilter@4c672249, org.springframework.security.web.header.HeaderWriterFilter@79b523cd, org.springframework.security.web.csrf.CsrfFilter@36974863, org.springframework.security.web.authentication.logout.LogoutFilter@68f00f21, org.springframework.security.web.authentication.UsernamePasswordAuthenticationFilter@59337ffa, org.springframework.security.web.savedrequest.RequestCacheAwareFilter@53fb6250, org.springframework.security.web.servletapi.SecurityContextHolderAwareRequestFilter@6a351e43, org.springframework.security.web.authentication.AnonymousAuthenticationFilter@67df8bb7, org.springframework.security.web.session.SessionManagementFilter@4c17450d, org.springframework.security.web.access.ExceptionTranslationFilter@3d0df8ad, org.springframework.security.web.access.intercept.AuthorizationFilter@400ccaf5]
2023-01-09 15:04:55.179  WARN 10344 --- [restartedMain] JpaBaseConfiguration$JpaWebConfiguration : spring.jpa.open-in-view is enabled by default. Therefore, database queries may be performed during view rendering. Explicitly configure spring.jpa.open-in-view to disable this warning
2023-01-09 15:04:55.640  INFO 10344 --- [restartedMain] o.s.b.d.a.OptionalLiveReloadServer       : LiveReload server is running on port 35729
2023-01-09 15:04:55.672  INFO 10344 --- [restartedMain] o.s.b.w.embedded.tomcat.TomcatWebServer  : Tomcat started on port(s): 8080 (http) with context path ''
2023-01-09 15:04:55.682  INFO 10344 --- [restartedMain] com.noticeboard.NoticeboardApplication   : Started NoticeboardApplication in 5.505 seconds (JVM running for 6.259)
2023-01-09 15:05:07.152  INFO 10344 --- [http-nio-8080-exec-1] o.a.c.c.C.[Tomcat].[localhost].[/]       : Initializing Spring DispatcherServlet 'dispatcherServlet'
2023-01-09 15:05:07.152  INFO 10344 --- [http-nio-8080-exec-1] o.s.web.servlet.DispatcherServlet        : Initializing Servlet 'dispatcherServlet'
2023-01-09 15:05:07.154  INFO 10344 --- [http-nio-8080-exec-1] o.s.web.servlet.DispatcherServlet        : Completed initialization in 2 ms
2023-01-09 15:05:07.205  INFO 10344 --- [http-nio-8080-exec-1] com.noticeboard.post.PostController      : page:0, keyword:
2023-01-09 15:05:07.986  WARN 10344 --- [http-nio-8080-exec-1] n.n.u.t.l.fragments.FragmentProcessor    : You don't need to put the layout:fragment/data-layout-fragment attribute into the <head> section - the decoration process will automatically copy the <head> section of your content templates into your layout page.
2023-01-09 15:05:41.219  INFO 10344 --- [SpringApplicationShutdownHook] j.LocalContainerEntityManagerFactoryBean : Closing JPA EntityManagerFactory for persistence unit 'default'
2023-01-09 15:05:41.222  INFO 10344 --- [SpringApplicationShutdownHook] com.zaxxer.hikari.HikariDataSource       : HikariPool-1 - Shutdown initiated...
2023-01-09 15:05:41.227  INFO 10344 --- [SpringApplicationShutdownHook] com.zaxxer.hikari.HikariDataSource       : HikariPool-1 - Shutdown completed.
2023-01-09 15:05:45.306  INFO 8596 --- [restartedMain] com.noticeboard.NoticeboardApplication   : Starting NoticeboardApplication using Java 1.8.0_352 on DESKTOP-VO0MAMP with PID 8596 (C:\Users\jeong\IdeaProjects\noticeboard\out\production\classes started by jeong in C:\Users\jeong\IdeaProjects\noticeboard)
2023-01-09 15:05:45.308  INFO 8596 --- [restartedMain] com.noticeboard.NoticeboardApplication   : No active profile set, falling back to 1 default profile: "default"
2023-01-09 15:05:45.558  INFO 8596 --- [restartedMain] .e.DevToolsPropertyDefaultsPostProcessor : Devtools property defaults active! Set 'spring.devtools.add-properties' to 'false' to disable
2023-01-09 15:05:45.559  INFO 8596 --- [restartedMain] .e.DevToolsPropertyDefaultsPostProcessor : For additional web related logging consider setting the 'logging.level.web' property to 'DEBUG'
2023-01-09 15:05:46.294  INFO 8596 --- [restartedMain] .s.d.r.c.RepositoryConfigurationDelegate : Bootstrapping Spring Data JPA repositories in DEFAULT mode.
2023-01-09 15:05:46.361  INFO 8596 --- [restartedMain] .s.d.r.c.RepositoryConfigurationDelegate : Finished Spring Data repository scanning in 58 ms. Found 5 JPA repository interfaces.
2023-01-09 15:05:46.508  WARN 8596 --- [restartedMain] o.m.s.mapper.ClassPathMapperScanner      : No MyBatis mapper was found in '[com.noticeboard]' package. Please check your configuration.
2023-01-09 15:05:47.308  INFO 8596 --- [restartedMain] o.s.b.w.embedded.tomcat.TomcatWebServer  : Tomcat initialized with port(s): 8080 (http)
2023-01-09 15:05:47.318  INFO 8596 --- [restartedMain] o.apache.catalina.core.StandardService   : Starting service [Tomcat]
2023-01-09 15:05:47.318  INFO 8596 --- [restartedMain] org.apache.catalina.core.StandardEngine  : Starting Servlet engine: [Apache Tomcat/9.0.64]
2023-01-09 15:05:47.427  INFO 8596 --- [restartedMain] o.a.c.c.C.[Tomcat].[localhost].[/]       : Initializing Spring embedded WebApplicationContext
2023-01-09 15:05:47.427  INFO 8596 --- [restartedMain] w.s.c.ServletWebServerApplicationContext : Root WebApplicationContext: initialization completed in 1867 ms
2023-01-09 15:05:47.591  INFO 8596 --- [restartedMain] o.hibernate.jpa.internal.util.LogHelper  : HHH000204: Processing PersistenceUnitInfo [name: default]
2023-01-09 15:05:47.686  INFO 8596 --- [restartedMain] org.hibernate.Version                    : HHH000412: Hibernate ORM core version 5.6.9.Final
2023-01-09 15:05:47.810  INFO 8596 --- [restartedMain] o.hibernate.annotations.common.Version   : HCANN000001: Hibernate Commons Annotations {5.1.2.Final}
2023-01-09 15:05:47.893  INFO 8596 --- [restartedMain] com.zaxxer.hikari.HikariDataSource       : HikariPool-1 - Starting...
2023-01-09 15:05:48.162  INFO 8596 --- [restartedMain] com.zaxxer.hikari.HikariDataSource       : HikariPool-1 - Start completed.
2023-01-09 15:05:48.179  INFO 8596 --- [restartedMain] org.hibernate.dialect.Dialect            : HHH000400: Using dialect: org.hibernate.dialect.MySQL57Dialect
2023-01-09 15:05:48.901  INFO 8596 --- [restartedMain] o.h.e.t.j.p.i.JtaPlatformInitiator       : HHH000490: Using JtaPlatform implementation: [org.hibernate.engine.transaction.jta.platform.internal.NoJtaPlatform]
2023-01-09 15:05:48.911  INFO 8596 --- [restartedMain] j.LocalContainerEntityManagerFactoryBean : Initialized JPA EntityManagerFactory for persistence unit 'default'
2023-01-09 15:05:49.724  INFO 8596 --- [restartedMain] o.s.s.web.DefaultSecurityFilterChain     : Will secure any request with [org.springframework.security.web.session.DisableEncodeUrlFilter@62ca8872, org.springframework.security.web.context.request.async.WebAsyncManagerIntegrationFilter@922dea1, org.springframework.security.web.context.SecurityContextPersistenceFilter@56f99b0b, org.springframework.security.web.header.HeaderWriterFilter@15503b10, org.springframework.security.web.csrf.CsrfFilter@3b9be0e4, org.springframework.security.web.authentication.logout.LogoutFilter@d461325, org.springframework.security.web.authentication.UsernamePasswordAuthenticationFilter@6059f467, org.springframework.security.web.savedrequest.RequestCacheAwareFilter@1154e208, org.springframework.security.web.servletapi.SecurityContextHolderAwareRequestFilter@16930545, org.springframework.security.web.authentication.AnonymousAuthenticationFilter@6634045b, org.springframework.security.web.session.SessionManagementFilter@2dc5eff3, org.springframework.security.web.access.ExceptionTranslationFilter@6c544593, org.springframework.security.web.access.intercept.AuthorizationFilter@1b875c2d]
2023-01-09 15:05:49.792  WARN 8596 --- [restartedMain] JpaBaseConfiguration$JpaWebConfiguration : spring.jpa.open-in-view is enabled by default. Therefore, database queries may be performed during view rendering. Explicitly configure spring.jpa.open-in-view to disable this warning
2023-01-09 15:05:50.251  INFO 8596 --- [restartedMain] o.s.b.d.a.OptionalLiveReloadServer       : LiveReload server is running on port 35729
2023-01-09 15:05:50.282  INFO 8596 --- [restartedMain] o.s.b.w.embedded.tomcat.TomcatWebServer  : Tomcat started on port(s): 8080 (http) with context path ''
2023-01-09 15:05:50.292  INFO 8596 --- [restartedMain] com.noticeboard.NoticeboardApplication   : Started NoticeboardApplication in 5.361 seconds (JVM running for 5.946)
2023-01-09 15:05:55.198  INFO 8596 --- [http-nio-8080-exec-1] o.a.c.c.C.[Tomcat].[localhost].[/]       : Initializing Spring DispatcherServlet 'dispatcherServlet'
2023-01-09 15:05:55.198  INFO 8596 --- [http-nio-8080-exec-1] o.s.web.servlet.DispatcherServlet        : Initializing Servlet 'dispatcherServlet'
2023-01-09 15:05:55.200  INFO 8596 --- [http-nio-8080-exec-1] o.s.web.servlet.DispatcherServlet        : Completed initialization in 2 ms
2023-01-09 15:05:55.248  INFO 8596 --- [http-nio-8080-exec-1] com.noticeboard.post.PostController      : page:0, keyword:
2023-01-09 15:05:56.051  WARN 8596 --- [http-nio-8080-exec-1] n.n.u.t.l.fragments.FragmentProcessor    : You don't need to put the layout:fragment/data-layout-fragment attribute into the <head> section - the decoration process will automatically copy the <head> section of your content templates into your layout page.
2023-01-09 15:12:53.358  INFO 8596 --- [http-nio-8080-exec-10] com.noticeboard.post.PostController      : page:30, keyword:
2023-01-09 15:13:01.086  INFO 8596 --- [http-nio-8080-exec-9] com.noticeboard.post.PostController      : page:0, keyword:
2023-01-09 15:13:54.754  INFO 8596 --- [SpringApplicationShutdownHook] j.LocalContainerEntityManagerFactoryBean : Closing JPA EntityManagerFactory for persistence unit 'default'
2023-01-09 15:13:54.757  INFO 8596 --- [SpringApplicationShutdownHook] com.zaxxer.hikari.HikariDataSource       : HikariPool-1 - Shutdown initiated...
2023-01-09 15:13:54.761  INFO 8596 --- [SpringApplicationShutdownHook] com.zaxxer.hikari.HikariDataSource       : HikariPool-1 - Shutdown completed.
2023-01-09 15:13:57.592  INFO 21612 --- [restartedMain] com.noticeboard.NoticeboardApplication   : Starting NoticeboardApplication using Java 1.8.0_352 on DESKTOP-VO0MAMP with PID 21612 (C:\Users\jeong\IdeaProjects\noticeboard\out\production\classes started by jeong in C:\Users\jeong\IdeaProjects\noticeboard)
2023-01-09 15:13:57.594  INFO 21612 --- [restartedMain] com.noticeboard.NoticeboardApplication   : No active profile set, falling back to 1 default profile: "default"
2023-01-09 15:13:57.848  INFO 21612 --- [restartedMain] .e.DevToolsPropertyDefaultsPostProcessor : Devtools property defaults active! Set 'spring.devtools.add-properties' to 'false' to disable
2023-01-09 15:13:57.848  INFO 21612 --- [restartedMain] .e.DevToolsPropertyDefaultsPostProcessor : For additional web related logging consider setting the 'logging.level.web' property to 'DEBUG'
2023-01-09 15:13:58.493  INFO 21612 --- [restartedMain] .s.d.r.c.RepositoryConfigurationDelegate : Bootstrapping Spring Data JPA repositories in DEFAULT mode.
2023-01-09 15:13:58.564  INFO 21612 --- [restartedMain] .s.d.r.c.RepositoryConfigurationDelegate : Finished Spring Data repository scanning in 62 ms. Found 5 JPA repository interfaces.
2023-01-09 15:13:58.696  WARN 21612 --- [restartedMain] o.m.s.mapper.ClassPathMapperScanner      : No MyBatis mapper was found in '[com.noticeboard]' package. Please check your configuration.
2023-01-09 15:13:59.394  INFO 21612 --- [restartedMain] o.s.b.w.embedded.tomcat.TomcatWebServer  : Tomcat initialized with port(s): 8080 (http)
2023-01-09 15:13:59.404  INFO 21612 --- [restartedMain] o.apache.catalina.core.StandardService   : Starting service [Tomcat]
2023-01-09 15:13:59.404  INFO 21612 --- [restartedMain] org.apache.catalina.core.StandardEngine  : Starting Servlet engine: [Apache Tomcat/9.0.64]
2023-01-09 15:13:59.504  INFO 21612 --- [restartedMain] o.a.c.c.C.[Tomcat].[localhost].[/]       : Initializing Spring embedded WebApplicationContext
2023-01-09 15:13:59.504  INFO 21612 --- [restartedMain] w.s.c.ServletWebServerApplicationContext : Root WebApplicationContext: initialization completed in 1655 ms
2023-01-09 15:13:59.722  INFO 21612 --- [restartedMain] o.hibernate.jpa.internal.util.LogHelper  : HHH000204: Processing PersistenceUnitInfo [name: default]
2023-01-09 15:13:59.855  INFO 21612 --- [restartedMain] org.hibernate.Version                    : HHH000412: Hibernate ORM core version 5.6.9.Final
2023-01-09 15:14:00.016  INFO 21612 --- [restartedMain] o.hibernate.annotations.common.Version   : HCANN000001: Hibernate Commons Annotations {5.1.2.Final}
2023-01-09 15:14:00.114  INFO 21612 --- [restartedMain] com.zaxxer.hikari.HikariDataSource       : HikariPool-1 - Starting...
2023-01-09 15:14:00.414  INFO 21612 --- [restartedMain] com.zaxxer.hikari.HikariDataSource       : HikariPool-1 - Start completed.
2023-01-09 15:14:00.434  INFO 21612 --- [restartedMain] org.hibernate.dialect.Dialect            : HHH000400: Using dialect: org.hibernate.dialect.MySQL57Dialect
2023-01-09 15:14:01.175  INFO 21612 --- [restartedMain] o.h.e.t.j.p.i.JtaPlatformInitiator       : HHH000490: Using JtaPlatform implementation: [org.hibernate.engine.transaction.jta.platform.internal.NoJtaPlatform]
2023-01-09 15:14:01.183  INFO 21612 --- [restartedMain] j.LocalContainerEntityManagerFactoryBean : Initialized JPA EntityManagerFactory for persistence unit 'default'
2023-01-09 15:14:01.902  INFO 21612 --- [restartedMain] o.s.s.web.DefaultSecurityFilterChain     : Will secure any request with [org.springframework.security.web.session.DisableEncodeUrlFilter@379a6320, org.springframework.security.web.context.request.async.WebAsyncManagerIntegrationFilter@151e7ea3, org.springframework.security.web.context.SecurityContextPersistenceFilter@6d92a521, org.springframework.security.web.header.HeaderWriterFilter@32b4466d, org.springframework.security.web.csrf.CsrfFilter@33cf6957, org.springframework.security.web.authentication.logout.LogoutFilter@7ab326d7, org.springframework.security.web.authentication.UsernamePasswordAuthenticationFilter@2d5282f9, org.springframework.security.web.savedrequest.RequestCacheAwareFilter@51ffc99c, org.springframework.security.web.servletapi.SecurityContextHolderAwareRequestFilter@57868b28, org.springframework.security.web.authentication.AnonymousAuthenticationFilter@d835672, org.springframework.security.web.session.SessionManagementFilter@5a89c1e8, org.springframework.security.web.access.ExceptionTranslationFilter@69402c7f, org.springframework.security.web.access.intercept.AuthorizationFilter@55956419]
2023-01-09 15:14:01.964  WARN 21612 --- [restartedMain] JpaBaseConfiguration$JpaWebConfiguration : spring.jpa.open-in-view is enabled by default. Therefore, database queries may be performed during view rendering. Explicitly configure spring.jpa.open-in-view to disable this warning
2023-01-09 15:14:02.428  INFO 21612 --- [restartedMain] o.s.b.d.a.OptionalLiveReloadServer       : LiveReload server is running on port 35729
2023-01-09 15:14:02.459  INFO 21612 --- [restartedMain] o.s.b.w.embedded.tomcat.TomcatWebServer  : Tomcat started on port(s): 8080 (http) with context path ''
2023-01-09 15:14:02.469  INFO 21612 --- [restartedMain] com.noticeboard.NoticeboardApplication   : Started NoticeboardApplication in 5.252 seconds (JVM running for 5.86)
2023-01-09 15:14:07.196  INFO 21612 --- [http-nio-8080-exec-1] o.a.c.c.C.[Tomcat].[localhost].[/]       : Initializing Spring DispatcherServlet 'dispatcherServlet'
2023-01-09 15:14:07.196  INFO 21612 --- [http-nio-8080-exec-1] o.s.web.servlet.DispatcherServlet        : Initializing Servlet 'dispatcherServlet'
2023-01-09 15:14:07.198  INFO 21612 --- [http-nio-8080-exec-1] o.s.web.servlet.DispatcherServlet        : Completed initialization in 2 ms
2023-01-09 15:14:07.248  INFO 21612 --- [http-nio-8080-exec-1] com.noticeboard.post.PostController      : page:0, keyword:
2023-01-09 15:14:08.047  WARN 21612 --- [http-nio-8080-exec-1] n.n.u.t.l.fragments.FragmentProcessor    : You don't need to put the layout:fragment/data-layout-fragment attribute into the <head> section - the decoration process will automatically copy the <head> section of your content templates into your layout page.
2023-01-09 15:16:59.653  INFO 21612 --- [SpringApplicationShutdownHook] j.LocalContainerEntityManagerFactoryBean : Closing JPA EntityManagerFactory for persistence unit 'default'
2023-01-09 15:16:59.655  INFO 21612 --- [SpringApplicationShutdownHook] com.zaxxer.hikari.HikariDataSource       : HikariPool-1 - Shutdown initiated...
2023-01-09 15:16:59.660  INFO 21612 --- [SpringApplicationShutdownHook] com.zaxxer.hikari.HikariDataSource       : HikariPool-1 - Shutdown completed.
2023-01-09 15:17:02.690  INFO 6316 --- [restartedMain] com.noticeboard.NoticeboardApplication   : Starting NoticeboardApplication using Java 1.8.0_352 on DESKTOP-VO0MAMP with PID 6316 (C:\Users\jeong\IdeaProjects\noticeboard\out\production\classes started by jeong in C:\Users\jeong\IdeaProjects\noticeboard)
2023-01-09 15:17:02.691  INFO 6316 --- [restartedMain] com.noticeboard.NoticeboardApplication   : No active profile set, falling back to 1 default profile: "default"
2023-01-09 15:17:02.932  INFO 6316 --- [restartedMain] .e.DevToolsPropertyDefaultsPostProcessor : Devtools property defaults active! Set 'spring.devtools.add-properties' to 'false' to disable
2023-01-09 15:17:02.932  INFO 6316 --- [restartedMain] .e.DevToolsPropertyDefaultsPostProcessor : For additional web related logging consider setting the 'logging.level.web' property to 'DEBUG'
2023-01-09 15:17:03.633  INFO 6316 --- [restartedMain] .s.d.r.c.RepositoryConfigurationDelegate : Bootstrapping Spring Data JPA repositories in DEFAULT mode.
2023-01-09 15:17:03.708  INFO 6316 --- [restartedMain] .s.d.r.c.RepositoryConfigurationDelegate : Finished Spring Data repository scanning in 66 ms. Found 5 JPA repository interfaces.
2023-01-09 15:17:03.859  WARN 6316 --- [restartedMain] o.m.s.mapper.ClassPathMapperScanner      : No MyBatis mapper was found in '[com.noticeboard]' package. Please check your configuration.
2023-01-09 15:17:04.558  INFO 6316 --- [restartedMain] o.s.b.w.embedded.tomcat.TomcatWebServer  : Tomcat initialized with port(s): 8080 (http)
2023-01-09 15:17:04.568  INFO 6316 --- [restartedMain] o.apache.catalina.core.StandardService   : Starting service [Tomcat]
2023-01-09 15:17:04.568  INFO 6316 --- [restartedMain] org.apache.catalina.core.StandardEngine  : Starting Servlet engine: [Apache Tomcat/9.0.64]
2023-01-09 15:17:04.685  INFO 6316 --- [restartedMain] o.a.c.c.C.[Tomcat].[localhost].[/]       : Initializing Spring embedded WebApplicationContext
2023-01-09 15:17:04.685  INFO 6316 --- [restartedMain] w.s.c.ServletWebServerApplicationContext : Root WebApplicationContext: initialization completed in 1752 ms
2023-01-09 15:17:04.862  INFO 6316 --- [restartedMain] o.hibernate.jpa.internal.util.LogHelper  : HHH000204: Processing PersistenceUnitInfo [name: default]
2023-01-09 15:17:04.903  INFO 6316 --- [restartedMain] org.hibernate.Version                    : HHH000412: Hibernate ORM core version 5.6.9.Final
2023-01-09 15:17:05.084  INFO 6316 --- [restartedMain] o.hibernate.annotations.common.Version   : HCANN000001: Hibernate Commons Annotations {5.1.2.Final}
2023-01-09 15:17:05.179  INFO 6316 --- [restartedMain] com.zaxxer.hikari.HikariDataSource       : HikariPool-1 - Starting...
2023-01-09 15:17:05.453  INFO 6316 --- [restartedMain] com.zaxxer.hikari.HikariDataSource       : HikariPool-1 - Start completed.
2023-01-09 15:17:05.469  INFO 6316 --- [restartedMain] org.hibernate.dialect.Dialect            : HHH000400: Using dialect: org.hibernate.dialect.MySQL57Dialect
2023-01-09 15:17:06.176  INFO 6316 --- [restartedMain] o.h.e.t.j.p.i.JtaPlatformInitiator       : HHH000490: Using JtaPlatform implementation: [org.hibernate.engine.transaction.jta.platform.internal.NoJtaPlatform]
2023-01-09 15:17:06.184  INFO 6316 --- [restartedMain] j.LocalContainerEntityManagerFactoryBean : Initialized JPA EntityManagerFactory for persistence unit 'default'
2023-01-09 15:17:06.893  INFO 6316 --- [restartedMain] o.s.s.web.DefaultSecurityFilterChain     : Will secure any request with [org.springframework.security.web.session.DisableEncodeUrlFilter@74e8bfd, org.springframework.security.web.context.request.async.WebAsyncManagerIntegrationFilter@2645d40e, org.springframework.security.web.context.SecurityContextPersistenceFilter@55956419, org.springframework.security.web.header.HeaderWriterFilter@758b6cf3, org.springframework.security.web.csrf.CsrfFilter@727eb147, org.springframework.security.web.authentication.logout.LogoutFilter@56340d50, org.springframework.security.web.authentication.UsernamePasswordAuthenticationFilter@1bb1fe38, org.springframework.security.web.savedrequest.RequestCacheAwareFilter@6d5e00e5, org.springframework.security.web.servletapi.SecurityContextHolderAwareRequestFilter@65d0166c, org.springframework.security.web.authentication.AnonymousAuthenticationFilter@221446b9, org.springframework.security.web.session.SessionManagementFilter@6ec7813, org.springframework.security.web.access.ExceptionTranslationFilter@7ab326d7, org.springframework.security.web.access.intercept.AuthorizationFilter@2eee4c2b]
2023-01-09 15:17:06.950  WARN 6316 --- [restartedMain] JpaBaseConfiguration$JpaWebConfiguration : spring.jpa.open-in-view is enabled by default. Therefore, database queries may be performed during view rendering. Explicitly configure spring.jpa.open-in-view to disable this warning
2023-01-09 15:17:07.529  INFO 6316 --- [restartedMain] o.s.b.d.a.OptionalLiveReloadServer       : LiveReload server is running on port 35729
2023-01-09 15:17:07.559  INFO 6316 --- [restartedMain] o.s.b.w.embedded.tomcat.TomcatWebServer  : Tomcat started on port(s): 8080 (http) with context path ''
2023-01-09 15:17:07.569  INFO 6316 --- [restartedMain] com.noticeboard.NoticeboardApplication   : Started NoticeboardApplication in 5.259 seconds (JVM running for 5.855)
2023-01-09 15:17:11.801  INFO 6316 --- [http-nio-8080-exec-1] o.a.c.c.C.[Tomcat].[localhost].[/]       : Initializing Spring DispatcherServlet 'dispatcherServlet'
2023-01-09 15:17:11.801  INFO 6316 --- [http-nio-8080-exec-1] o.s.web.servlet.DispatcherServlet        : Initializing Servlet 'dispatcherServlet'
2023-01-09 15:17:11.803  INFO 6316 --- [http-nio-8080-exec-1] o.s.web.servlet.DispatcherServlet        : Completed initialization in 2 ms
2023-01-09 15:17:11.865  INFO 6316 --- [http-nio-8080-exec-1] com.noticeboard.post.PostController      : page:0, keyword:
2023-01-09 15:17:12.666  WARN 6316 --- [http-nio-8080-exec-1] n.n.u.t.l.fragments.FragmentProcessor    : You don't need to put the layout:fragment/data-layout-fragment attribute into the <head> section - the decoration process will automatically copy the <head> section of your content templates into your layout page.
2023-01-09 15:17:18.147  INFO 6316 --- [http-nio-8080-exec-8] com.noticeboard.post.PostController      : page:0, keyword:
2023-01-09 15:17:18.733  INFO 6316 --- [http-nio-8080-exec-3] com.noticeboard.post.PostController      : page:0, keyword:
2023-01-09 15:20:49.923  INFO 6316 --- [SpringApplicationShutdownHook] j.LocalContainerEntityManagerFactoryBean : Closing JPA EntityManagerFactory for persistence unit 'default'
2023-01-09 15:20:49.928  INFO 6316 --- [SpringApplicationShutdownHook] com.zaxxer.hikari.HikariDataSource       : HikariPool-1 - Shutdown initiated...
2023-01-09 15:20:49.933  INFO 6316 --- [SpringApplicationShutdownHook] com.zaxxer.hikari.HikariDataSource       : HikariPool-1 - Shutdown completed.
2023-01-09 15:20:52.889  INFO 23824 --- [restartedMain] com.noticeboard.NoticeboardApplication   : Starting NoticeboardApplication using Java 1.8.0_352 on DESKTOP-VO0MAMP with PID 23824 (C:\Users\jeong\IdeaProjects\noticeboard\out\production\classes started by jeong in C:\Users\jeong\IdeaProjects\noticeboard)
2023-01-09 15:20:52.890  INFO 23824 --- [restartedMain] com.noticeboard.NoticeboardApplication   : No active profile set, falling back to 1 default profile: "default"
2023-01-09 15:20:53.159  INFO 23824 --- [restartedMain] .e.DevToolsPropertyDefaultsPostProcessor : Devtools property defaults active! Set 'spring.devtools.add-properties' to 'false' to disable
2023-01-09 15:20:53.159  INFO 23824 --- [restartedMain] .e.DevToolsPropertyDefaultsPostProcessor : For additional web related logging consider setting the 'logging.level.web' property to 'DEBUG'
2023-01-09 15:20:53.817  INFO 23824 --- [restartedMain] .s.d.r.c.RepositoryConfigurationDelegate : Bootstrapping Spring Data JPA repositories in DEFAULT mode.
2023-01-09 15:20:53.889  INFO 23824 --- [restartedMain] .s.d.r.c.RepositoryConfigurationDelegate : Finished Spring Data repository scanning in 64 ms. Found 5 JPA repository interfaces.
2023-01-09 15:20:54.019  WARN 23824 --- [restartedMain] o.m.s.mapper.ClassPathMapperScanner      : No MyBatis mapper was found in '[com.noticeboard]' package. Please check your configuration.
2023-01-09 15:20:54.756  INFO 23824 --- [restartedMain] o.s.b.w.embedded.tomcat.TomcatWebServer  : Tomcat initialized with port(s): 8080 (http)
2023-01-09 15:20:54.768  INFO 23824 --- [restartedMain] o.apache.catalina.core.StandardService   : Starting service [Tomcat]
2023-01-09 15:20:54.768  INFO 23824 --- [restartedMain] org.apache.catalina.core.StandardEngine  : Starting Servlet engine: [Apache Tomcat/9.0.64]
2023-01-09 15:20:54.886  INFO 23824 --- [restartedMain] o.a.c.c.C.[Tomcat].[localhost].[/]       : Initializing Spring embedded WebApplicationContext
2023-01-09 15:20:54.886  INFO 23824 --- [restartedMain] w.s.c.ServletWebServerApplicationContext : Root WebApplicationContext: initialization completed in 1726 ms
2023-01-09 15:20:55.069  INFO 23824 --- [restartedMain] o.hibernate.jpa.internal.util.LogHelper  : HHH000204: Processing PersistenceUnitInfo [name: default]
2023-01-09 15:20:55.185  INFO 23824 --- [restartedMain] org.hibernate.Version                    : HHH000412: Hibernate ORM core version 5.6.9.Final
2023-01-09 15:20:55.358  INFO 23824 --- [restartedMain] o.hibernate.annotations.common.Version   : HCANN000001: Hibernate Commons Annotations {5.1.2.Final}
2023-01-09 15:20:55.471  INFO 23824 --- [restartedMain] com.zaxxer.hikari.HikariDataSource       : HikariPool-1 - Starting...
2023-01-09 15:20:55.860  INFO 23824 --- [restartedMain] com.zaxxer.hikari.HikariDataSource       : HikariPool-1 - Start completed.
2023-01-09 15:20:55.890  INFO 23824 --- [restartedMain] org.hibernate.dialect.Dialect            : HHH000400: Using dialect: org.hibernate.dialect.MySQL57Dialect
2023-01-09 15:20:56.679  INFO 23824 --- [restartedMain] o.h.e.t.j.p.i.JtaPlatformInitiator       : HHH000490: Using JtaPlatform implementation: [org.hibernate.engine.transaction.jta.platform.internal.NoJtaPlatform]
2023-01-09 15:20:56.687  INFO 23824 --- [restartedMain] j.LocalContainerEntityManagerFactoryBean : Initialized JPA EntityManagerFactory for persistence unit 'default'
2023-01-09 15:20:57.427  INFO 23824 --- [restartedMain] o.s.s.web.DefaultSecurityFilterChain     : Will secure any request with [org.springframework.security.web.session.DisableEncodeUrlFilter@43e0b9c2, org.springframework.security.web.context.request.async.WebAsyncManagerIntegrationFilter@3f544038, org.springframework.security.web.context.SecurityContextPersistenceFilter@5be68522, org.springframework.security.web.header.HeaderWriterFilter@585d8f2c, org.springframework.security.web.csrf.CsrfFilter@11a3704b, org.springframework.security.web.authentication.logout.LogoutFilter@5005a36a, org.springframework.security.web.authentication.UsernamePasswordAuthenticationFilter@3168e866, org.springframework.security.web.savedrequest.RequestCacheAwareFilter@7076a4c9, org.springframework.security.web.servletapi.SecurityContextHolderAwareRequestFilter@56f99b0b, org.springframework.security.web.authentication.AnonymousAuthenticationFilter@50dc1d3, org.springframework.security.web.session.SessionManagementFilter@7472362d, org.springframework.security.web.access.ExceptionTranslationFilter@711bffc, org.springframework.security.web.access.intercept.AuthorizationFilter@76d247b]
2023-01-09 15:20:57.505  WARN 23824 --- [restartedMain] JpaBaseConfiguration$JpaWebConfiguration : spring.jpa.open-in-view is enabled by default. Therefore, database queries may be performed during view rendering. Explicitly configure spring.jpa.open-in-view to disable this warning
2023-01-09 15:20:57.972  INFO 23824 --- [restartedMain] o.s.b.d.a.OptionalLiveReloadServer       : LiveReload server is running on port 35729
2023-01-09 15:20:58.003  INFO 23824 --- [restartedMain] o.s.b.w.embedded.tomcat.TomcatWebServer  : Tomcat started on port(s): 8080 (http) with context path ''
2023-01-09 15:20:58.013  INFO 23824 --- [restartedMain] com.noticeboard.NoticeboardApplication   : Started NoticeboardApplication in 5.537 seconds (JVM running for 6.147)
2023-01-09 15:21:02.561  INFO 23824 --- [http-nio-8080-exec-1] o.a.c.c.C.[Tomcat].[localhost].[/]       : Initializing Spring DispatcherServlet 'dispatcherServlet'
2023-01-09 15:21:02.561  INFO 23824 --- [http-nio-8080-exec-1] o.s.web.servlet.DispatcherServlet        : Initializing Servlet 'dispatcherServlet'
2023-01-09 15:21:02.563  INFO 23824 --- [http-nio-8080-exec-1] o.s.web.servlet.DispatcherServlet        : Completed initialization in 1 ms
2023-01-09 15:21:02.616  INFO 23824 --- [http-nio-8080-exec-1] com.noticeboard.post.PostController      : page:0, keyword:
2023-01-09 15:21:03.448  WARN 23824 --- [http-nio-8080-exec-1] n.n.u.t.l.fragments.FragmentProcessor    : You don't need to put the layout:fragment/data-layout-fragment attribute into the <head> section - the decoration process will automatically copy the <head> section of your content templates into your layout page.
2023-01-09 15:26:30.537  INFO 23824 --- [SpringApplicationShutdownHook] j.LocalContainerEntityManagerFactoryBean : Closing JPA EntityManagerFactory for persistence unit 'default'
2023-01-09 15:26:30.541  INFO 23824 --- [SpringApplicationShutdownHook] com.zaxxer.hikari.HikariDataSource       : HikariPool-1 - Shutdown initiated...
2023-01-09 15:26:30.549  INFO 23824 --- [SpringApplicationShutdownHook] com.zaxxer.hikari.HikariDataSource       : HikariPool-1 - Shutdown completed.
2023-01-09 15:26:33.738  INFO 15168 --- [restartedMain] com.noticeboard.NoticeboardApplication   : Starting NoticeboardApplication using Java 1.8.0_352 on DESKTOP-VO0MAMP with PID 15168 (C:\Users\jeong\IdeaProjects\noticeboard\out\production\classes started by jeong in C:\Users\jeong\IdeaProjects\noticeboard)
2023-01-09 15:26:33.740  INFO 15168 --- [restartedMain] com.noticeboard.NoticeboardApplication   : No active profile set, falling back to 1 default profile: "default"
2023-01-09 15:26:33.972  INFO 15168 --- [restartedMain] .e.DevToolsPropertyDefaultsPostProcessor : Devtools property defaults active! Set 'spring.devtools.add-properties' to 'false' to disable
2023-01-09 15:26:33.972  INFO 15168 --- [restartedMain] .e.DevToolsPropertyDefaultsPostProcessor : For additional web related logging consider setting the 'logging.level.web' property to 'DEBUG'
2023-01-09 15:26:34.652  INFO 15168 --- [restartedMain] .s.d.r.c.RepositoryConfigurationDelegate : Bootstrapping Spring Data JPA repositories in DEFAULT mode.
2023-01-09 15:26:34.721  INFO 15168 --- [restartedMain] .s.d.r.c.RepositoryConfigurationDelegate : Finished Spring Data repository scanning in 61 ms. Found 5 JPA repository interfaces.
2023-01-09 15:26:34.867  WARN 15168 --- [restartedMain] o.m.s.mapper.ClassPathMapperScanner      : No MyBatis mapper was found in '[com.noticeboard]' package. Please check your configuration.
2023-01-09 15:26:35.593  INFO 15168 --- [restartedMain] o.s.b.w.embedded.tomcat.TomcatWebServer  : Tomcat initialized with port(s): 8080 (http)
2023-01-09 15:26:35.603  INFO 15168 --- [restartedMain] o.apache.catalina.core.StandardService   : Starting service [Tomcat]
2023-01-09 15:26:35.603  INFO 15168 --- [restartedMain] org.apache.catalina.core.StandardEngine  : Starting Servlet engine: [Apache Tomcat/9.0.64]
2023-01-09 15:26:35.717  INFO 15168 --- [restartedMain] o.a.c.c.C.[Tomcat].[localhost].[/]       : Initializing Spring embedded WebApplicationContext
2023-01-09 15:26:35.717  INFO 15168 --- [restartedMain] w.s.c.ServletWebServerApplicationContext : Root WebApplicationContext: initialization completed in 1744 ms
2023-01-09 15:26:35.895  INFO 15168 --- [restartedMain] o.hibernate.jpa.internal.util.LogHelper  : HHH000204: Processing PersistenceUnitInfo [name: default]
2023-01-09 15:26:35.997  INFO 15168 --- [restartedMain] org.hibernate.Version                    : HHH000412: Hibernate ORM core version 5.6.9.Final
2023-01-09 15:26:36.134  INFO 15168 --- [restartedMain] o.hibernate.annotations.common.Version   : HCANN000001: Hibernate Commons Annotations {5.1.2.Final}
2023-01-09 15:26:36.252  INFO 15168 --- [restartedMain] com.zaxxer.hikari.HikariDataSource       : HikariPool-1 - Starting...
2023-01-09 15:26:36.532  INFO 15168 --- [restartedMain] com.zaxxer.hikari.HikariDataSource       : HikariPool-1 - Start completed.
2023-01-09 15:26:36.548  INFO 15168 --- [restartedMain] org.hibernate.dialect.Dialect            : HHH000400: Using dialect: org.hibernate.dialect.MySQL57Dialect
2023-01-09 15:26:37.306  INFO 15168 --- [restartedMain] o.h.e.t.j.p.i.JtaPlatformInitiator       : HHH000490: Using JtaPlatform implementation: [org.hibernate.engine.transaction.jta.platform.internal.NoJtaPlatform]
2023-01-09 15:26:37.318  INFO 15168 --- [restartedMain] j.LocalContainerEntityManagerFactoryBean : Initialized JPA EntityManagerFactory for persistence unit 'default'
2023-01-09 15:26:38.073  INFO 15168 --- [restartedMain] o.s.s.web.DefaultSecurityFilterChain     : Will secure any request with [org.springframework.security.web.session.DisableEncodeUrlFilter@64a0a483, org.springframework.security.web.context.request.async.WebAsyncManagerIntegrationFilter@7c32748, org.springframework.security.web.context.SecurityContextPersistenceFilter@6361b23e, org.springframework.security.web.header.HeaderWriterFilter@73bee00e, org.springframework.security.web.csrf.CsrfFilter@5dc7dcee, org.springframework.security.web.authentication.logout.LogoutFilter@1ad8d8df, org.springframework.security.web.authentication.UsernamePasswordAuthenticationFilter@2a4af19, org.springframework.security.web.savedrequest.RequestCacheAwareFilter@436b756, org.springframework.security.web.servletapi.SecurityContextHolderAwareRequestFilter@51c300b6, org.springframework.security.web.authentication.AnonymousAuthenticationFilter@782cfe86, org.springframework.security.web.session.SessionManagementFilter@3e188b76, org.springframework.security.web.access.ExceptionTranslationFilter@2b49f744, org.springframework.security.web.access.intercept.AuthorizationFilter@76b587dd]
2023-01-09 15:26:38.135  WARN 15168 --- [restartedMain] JpaBaseConfiguration$JpaWebConfiguration : spring.jpa.open-in-view is enabled by default. Therefore, database queries may be performed during view rendering. Explicitly configure spring.jpa.open-in-view to disable this warning
2023-01-09 15:26:38.602  INFO 15168 --- [restartedMain] o.s.b.d.a.OptionalLiveReloadServer       : LiveReload server is running on port 35729
2023-01-09 15:26:38.632  INFO 15168 --- [restartedMain] o.s.b.w.embedded.tomcat.TomcatWebServer  : Tomcat started on port(s): 8080 (http) with context path ''
2023-01-09 15:26:38.642  INFO 15168 --- [restartedMain] com.noticeboard.NoticeboardApplication   : Started NoticeboardApplication in 5.282 seconds (JVM running for 5.856)
2023-01-09 15:26:42.415  INFO 15168 --- [http-nio-8080-exec-1] o.a.c.c.C.[Tomcat].[localhost].[/]       : Initializing Spring DispatcherServlet 'dispatcherServlet'
2023-01-09 15:26:42.415  INFO 15168 --- [http-nio-8080-exec-1] o.s.web.servlet.DispatcherServlet        : Initializing Servlet 'dispatcherServlet'
2023-01-09 15:26:42.417  INFO 15168 --- [http-nio-8080-exec-1] o.s.web.servlet.DispatcherServlet        : Completed initialization in 2 ms
2023-01-09 15:26:42.501  INFO 15168 --- [http-nio-8080-exec-1] com.noticeboard.post.PostController      : page:0, keyword:
2023-01-09 15:26:43.350  INFO 15168 --- [http-nio-8080-exec-2] com.noticeboard.post.PostController      : page:0, keyword:
2023-01-09 15:26:43.424  WARN 15168 --- [http-nio-8080-exec-1] n.n.u.t.l.fragments.FragmentProcessor    : You don't need to put the layout:fragment/data-layout-fragment attribute into the <head> section - the decoration process will automatically copy the <head> section of your content templates into your layout page.
2023-01-09 15:26:43.424  WARN 15168 --- [http-nio-8080-exec-2] n.n.u.t.l.fragments.FragmentProcessor    : You don't need to put the layout:fragment/data-layout-fragment attribute into the <head> section - the decoration process will automatically copy the <head> section of your content templates into your layout page.
2023-01-09 15:26:45.034  INFO 15168 --- [http-nio-8080-exec-8] com.noticeboard.post.PostController      : page:0, keyword:
2023-01-09 15:26:57.383  INFO 15168 --- [http-nio-8080-exec-6] com.noticeboard.post.PostController      : page:1, keyword:
2023-01-09 15:27:07.298  INFO 15168 --- [http-nio-8080-exec-2] com.noticeboard.post.PostController      : page:30, keyword:
2023-01-09 15:58:49.247  INFO 15168 --- [Thread-6] j.LocalContainerEntityManagerFactoryBean : Closing JPA EntityManagerFactory for persistence unit 'default'
2023-01-09 15:58:49.282  INFO 15168 --- [Thread-6] com.zaxxer.hikari.HikariDataSource       : HikariPool-1 - Shutdown initiated...
2023-01-09 15:58:49.297  INFO 15168 --- [Thread-6] com.zaxxer.hikari.HikariDataSource       : HikariPool-1 - Shutdown completed.
2023-01-09 15:58:49.768  INFO 15168 --- [restartedMain] com.noticeboard.NoticeboardApplication   : Starting NoticeboardApplication using Java 1.8.0_352 on DESKTOP-VO0MAMP with PID 15168 (C:\Users\jeong\IdeaProjects\noticeboard\out\production\classes started by jeong in C:\Users\jeong\IdeaProjects\noticeboard)
2023-01-09 15:58:49.768  INFO 15168 --- [restartedMain] com.noticeboard.NoticeboardApplication   : No active profile set, falling back to 1 default profile: "default"
2023-01-09 15:58:50.234  INFO 15168 --- [restartedMain] .s.d.r.c.RepositoryConfigurationDelegate : Bootstrapping Spring Data JPA repositories in DEFAULT mode.
2023-01-09 15:58:50.281  INFO 15168 --- [restartedMain] .s.d.r.c.RepositoryConfigurationDelegate : Finished Spring Data repository scanning in 45 ms. Found 5 JPA repository interfaces.
2023-01-09 15:58:50.349  WARN 15168 --- [restartedMain] o.m.s.mapper.ClassPathMapperScanner      : No MyBatis mapper was found in '[com.noticeboard]' package. Please check your configuration.
2023-01-09 15:58:50.474  INFO 15168 --- [restartedMain] o.s.b.w.embedded.tomcat.TomcatWebServer  : Tomcat initialized with port(s): 8080 (http)
2023-01-09 15:58:50.474  INFO 15168 --- [restartedMain] o.apache.catalina.core.StandardService   : Starting service [Tomcat]
2023-01-09 15:58:50.475  INFO 15168 --- [restartedMain] org.apache.catalina.core.StandardEngine  : Starting Servlet engine: [Apache Tomcat/9.0.64]
2023-01-09 15:58:50.490  INFO 15168 --- [restartedMain] o.a.c.c.C.[Tomcat].[localhost].[/]       : Initializing Spring embedded WebApplicationContext
2023-01-09 15:58:50.490  INFO 15168 --- [restartedMain] w.s.c.ServletWebServerApplicationContext : Root WebApplicationContext: initialization completed in 719 ms
2023-01-09 15:58:50.568  INFO 15168 --- [restartedMain] o.hibernate.jpa.internal.util.LogHelper  : HHH000204: Processing PersistenceUnitInfo [name: default]
2023-01-09 15:58:50.574  INFO 15168 --- [restartedMain] com.zaxxer.hikari.HikariDataSource       : HikariPool-2 - Starting...
2023-01-09 15:58:50.617  INFO 15168 --- [restartedMain] com.zaxxer.hikari.HikariDataSource       : HikariPool-2 - Start completed.
2023-01-09 15:58:50.617  INFO 15168 --- [restartedMain] org.hibernate.dialect.Dialect            : HHH000400: Using dialect: org.hibernate.dialect.MySQL57Dialect
2023-01-09 15:58:50.639 ERROR 15168 --- [restartedMain] j.LocalContainerEntityManagerFactoryBean : Failed to initialize JPA EntityManagerFactory: @OneToOne or @ManyToOne on com.noticeboard.entity.UserMeta.user references an unknown entity: com.noticeboard.entity.User
2023-01-09 15:58:50.640  WARN 15168 --- [restartedMain] ConfigServletWebServerApplicationContext : Exception encountered during context initialization - cancelling refresh attempt: org.springframework.beans.factory.BeanCreationException: Error creating bean with name 'entityManagerFactory' defined in class path resource [org/springframework/boot/autoconfigure/orm/jpa/HibernateJpaConfiguration.class]: Invocation of init method failed; nested exception is org.hibernate.AnnotationException: @OneToOne or @ManyToOne on com.noticeboard.entity.UserMeta.user references an unknown entity: com.noticeboard.entity.User
2023-01-09 15:58:50.640  INFO 15168 --- [restartedMain] com.zaxxer.hikari.HikariDataSource       : HikariPool-2 - Shutdown initiated...
2023-01-09 15:58:50.642  INFO 15168 --- [restartedMain] com.zaxxer.hikari.HikariDataSource       : HikariPool-2 - Shutdown completed.
2023-01-09 15:58:50.643  INFO 15168 --- [restartedMain] o.apache.catalina.core.StandardService   : Stopping service [Tomcat]
2023-01-09 15:58:50.651  INFO 15168 --- [restartedMain] ConditionEvaluationReportLoggingListener : 

Error starting ApplicationContext. To display the conditions report re-run your application with 'debug' enabled.
2023-01-09 15:58:50.686 ERROR 15168 --- [restartedMain] o.s.boot.SpringApplication               : Application run failed

org.springframework.beans.factory.BeanCreationException: Error creating bean with name 'entityManagerFactory' defined in class path resource [org/springframework/boot/autoconfigure/orm/jpa/HibernateJpaConfiguration.class]: Invocation of init method failed; nested exception is org.hibernate.AnnotationException: @OneToOne or @ManyToOne on com.noticeboard.entity.UserMeta.user references an unknown entity: com.noticeboard.entity.User
	at org.springframework.beans.factory.support.AbstractAutowireCapableBeanFactory.initializeBean(AbstractAutowireCapableBeanFactory.java:1804) ~[spring-beans-5.3.21.jar:5.3.21]
	at org.springframework.beans.factory.support.AbstractAutowireCapableBeanFactory.doCreateBean(AbstractAutowireCapableBeanFactory.java:620) ~[spring-beans-5.3.21.jar:5.3.21]
	at org.springframework.beans.factory.support.AbstractAutowireCapableBeanFactory.createBean(AbstractAutowireCapableBeanFactory.java:542) ~[spring-beans-5.3.21.jar:5.3.21]
	at org.springframework.beans.factory.support.AbstractBeanFactory.lambda$doGetBean$0(AbstractBeanFactory.java:335) ~[spring-beans-5.3.21.jar:5.3.21]
	at org.springframework.beans.factory.support.DefaultSingletonBeanRegistry.getSingleton(DefaultSingletonBeanRegistry.java:234) ~[spring-beans-5.3.21.jar:5.3.21]
	at org.springframework.beans.factory.support.AbstractBeanFactory.doGetBean(AbstractBeanFactory.java:333) ~[spring-beans-5.3.21.jar:5.3.21]
	at org.springframework.beans.factory.support.AbstractBeanFactory.getBean(AbstractBeanFactory.java:208) ~[spring-beans-5.3.21.jar:5.3.21]
	at org.springframework.context.support.AbstractApplicationContext.getBean(AbstractApplicationContext.java:1154) ~[spring-context-5.3.21.jar:5.3.21]
	at org.springframework.context.support.AbstractApplicationContext.finishBeanFactoryInitialization(AbstractApplicationContext.java:908) ~[spring-context-5.3.21.jar:5.3.21]
	at org.springframework.context.support.AbstractApplicationContext.refresh(AbstractApplicationContext.java:583) ~[spring-context-5.3.21.jar:5.3.21]
	at org.springframework.boot.web.servlet.context.ServletWebServerApplicationContext.refresh(ServletWebServerApplicationContext.java:147) ~[spring-boot-2.7.1.jar:2.7.1]
	at org.springframework.boot.SpringApplication.refresh(SpringApplication.java:734) [spring-boot-2.7.1.jar:2.7.1]
	at org.springframework.boot.SpringApplication.refreshContext(SpringApplication.java:408) [spring-boot-2.7.1.jar:2.7.1]
	at org.springframework.boot.SpringApplication.run(SpringApplication.java:308) [spring-boot-2.7.1.jar:2.7.1]
	at org.springframework.boot.SpringApplication.run(SpringApplication.java:1306) [spring-boot-2.7.1.jar:2.7.1]
	at org.springframework.boot.SpringApplication.run(SpringApplication.java:1295) [spring-boot-2.7.1.jar:2.7.1]
	at com.noticeboard.NoticeboardApplication.main(NoticeboardApplication.java:13) [classes/:na]
	at sun.reflect.NativeMethodAccessorImpl.invoke0(Native Method) ~[na:1.8.0_352]
	at sun.reflect.NativeMethodAccessorImpl.invoke(NativeMethodAccessorImpl.java:62) ~[na:1.8.0_352]
	at sun.reflect.DelegatingMethodAccessorImpl.invoke(DelegatingMethodAccessorImpl.java:43) ~[na:1.8.0_352]
	at java.lang.reflect.Method.invoke(Method.java:498) ~[na:1.8.0_352]
	at org.springframework.boot.devtools.restart.RestartLauncher.run(RestartLauncher.java:49) [spring-boot-devtools-2.7.1.jar:2.7.1]
Caused by: org.hibernate.AnnotationException: @OneToOne or @ManyToOne on com.noticeboard.entity.UserMeta.user references an unknown entity: com.noticeboard.entity.User
	at org.hibernate.cfg.ToOneFkSecondPass.doSecondPass(ToOneFkSecondPass.java:100) ~[hibernate-core-5.6.9.Final.jar:5.6.9.Final]
	at org.hibernate.boot.internal.InFlightMetadataCollectorImpl.processEndOfQueue(InFlightMetadataCollectorImpl.java:1750) ~[hibernate-core-5.6.9.Final.jar:5.6.9.Final]
	at org.hibernate.boot.internal.InFlightMetadataCollectorImpl.processFkSecondPassesInOrder(InFlightMetadataCollectorImpl.java:1694) ~[hibernate-core-5.6.9.Final.jar:5.6.9.Final]
	at org.hibernate.boot.internal.InFlightMetadataCollectorImpl.processSecondPasses(InFlightMetadataCollectorImpl.java:1623) ~[hibernate-core-5.6.9.Final.jar:5.6.9.Final]
	at org.hibernate.boot.model.process.spi.MetadataBuildingProcess.complete(MetadataBuildingProcess.java:295) ~[hibernate-core-5.6.9.Final.jar:5.6.9.Final]
	at org.hibernate.jpa.boot.internal.EntityManagerFactoryBuilderImpl.metadata(EntityManagerFactoryBuilderImpl.java:1460) ~[hibernate-core-5.6.9.Final.jar:5.6.9.Final]
	at org.hibernate.jpa.boot.internal.EntityManagerFactoryBuilderImpl.build(EntityManagerFactoryBuilderImpl.java:1494) ~[hibernate-core-5.6.9.Final.jar:5.6.9.Final]
	at org.springframework.orm.jpa.vendor.SpringHibernateJpaPersistenceProvider.createContainerEntityManagerFactory(SpringHibernateJpaPersistenceProvider.java:58) ~[spring-orm-5.3.21.jar:5.3.21]
	at org.springframework.orm.jpa.LocalContainerEntityManagerFactoryBean.createNativeEntityManagerFactory(LocalContainerEntityManagerFactoryBean.java:365) ~[spring-orm-5.3.21.jar:5.3.21]
	at org.springframework.orm.jpa.AbstractEntityManagerFactoryBean.buildNativeEntityManagerFactory(AbstractEntityManagerFactoryBean.java:409) ~[spring-orm-5.3.21.jar:5.3.21]
	at org.springframework.orm.jpa.AbstractEntityManagerFactoryBean.afterPropertiesSet(AbstractEntityManagerFactoryBean.java:396) ~[spring-orm-5.3.21.jar:5.3.21]
	at org.springframework.orm.jpa.LocalContainerEntityManagerFactoryBean.afterPropertiesSet(LocalContainerEntityManagerFactoryBean.java:341) ~[spring-orm-5.3.21.jar:5.3.21]
	at org.springframework.beans.factory.support.AbstractAutowireCapableBeanFactory.invokeInitMethods(AbstractAutowireCapableBeanFactory.java:1863) ~[spring-beans-5.3.21.jar:5.3.21]
	at org.springframework.beans.factory.support.AbstractAutowireCapableBeanFactory.initializeBean(AbstractAutowireCapableBeanFactory.java:1800) ~[spring-beans-5.3.21.jar:5.3.21]
	... 21 common frames omitted

2023-01-09 15:58:53.211  INFO 15168 --- [restartedMain] com.noticeboard.NoticeboardApplication   : Starting NoticeboardApplication using Java 1.8.0_352 on DESKTOP-VO0MAMP with PID 15168 (C:\Users\jeong\IdeaProjects\noticeboard\out\production\classes started by jeong in C:\Users\jeong\IdeaProjects\noticeboard)
2023-01-09 15:58:53.212  INFO 15168 --- [restartedMain] com.noticeboard.NoticeboardApplication   : No active profile set, falling back to 1 default profile: "default"
2023-01-09 15:58:53.471  INFO 15168 --- [restartedMain] .s.d.r.c.RepositoryConfigurationDelegate : Bootstrapping Spring Data JPA repositories in DEFAULT mode.
2023-01-09 15:58:53.504  INFO 15168 --- [restartedMain] .s.d.r.c.RepositoryConfigurationDelegate : Finished Spring Data repository scanning in 33 ms. Found 5 JPA repository interfaces.
2023-01-09 15:58:53.561  WARN 15168 --- [restartedMain] o.m.s.mapper.ClassPathMapperScanner      : No MyBatis mapper was found in '[com.noticeboard]' package. Please check your configuration.
2023-01-09 15:58:53.677  INFO 15168 --- [restartedMain] o.s.b.w.embedded.tomcat.TomcatWebServer  : Tomcat initialized with port(s): 8080 (http)
2023-01-09 15:58:53.677  INFO 15168 --- [restartedMain] o.apache.catalina.core.StandardService   : Starting service [Tomcat]
2023-01-09 15:58:53.677  INFO 15168 --- [restartedMain] org.apache.catalina.core.StandardEngine  : Starting Servlet engine: [Apache Tomcat/9.0.64]
2023-01-09 15:58:53.693  INFO 15168 --- [restartedMain] o.a.c.c.C.[Tomcat-1].[localhost].[/]     : Initializing Spring embedded WebApplicationContext
2023-01-09 15:58:53.693  INFO 15168 --- [restartedMain] w.s.c.ServletWebServerApplicationContext : Root WebApplicationContext: initialization completed in 477 ms
2023-01-09 15:58:53.749  INFO 15168 --- [restartedMain] o.hibernate.jpa.internal.util.LogHelper  : HHH000204: Processing PersistenceUnitInfo [name: default]
2023-01-09 15:58:53.754  INFO 15168 --- [restartedMain] com.zaxxer.hikari.HikariDataSource       : HikariPool-3 - Starting...
2023-01-09 15:58:53.783  INFO 15168 --- [restartedMain] com.zaxxer.hikari.HikariDataSource       : HikariPool-3 - Start completed.
2023-01-09 15:58:53.783  INFO 15168 --- [restartedMain] org.hibernate.dialect.Dialect            : HHH000400: Using dialect: org.hibernate.dialect.MySQL57Dialect
2023-01-09 15:58:53.890  INFO 15168 --- [restartedMain] o.h.e.t.j.p.i.JtaPlatformInitiator       : HHH000490: Using JtaPlatform implementation: [org.hibernate.engine.transaction.jta.platform.internal.NoJtaPlatform]
2023-01-09 15:58:53.891  INFO 15168 --- [restartedMain] j.LocalContainerEntityManagerFactoryBean : Initialized JPA EntityManagerFactory for persistence unit 'default'
2023-01-09 15:58:54.123  INFO 15168 --- [restartedMain] o.s.s.web.DefaultSecurityFilterChain     : Will secure any request with [org.springframework.security.web.session.DisableEncodeUrlFilter@282284d5, org.springframework.security.web.context.request.async.WebAsyncManagerIntegrationFilter@737c5641, org.springframework.security.web.context.SecurityContextPersistenceFilter@4d813850, org.springframework.security.web.header.HeaderWriterFilter@6dcb38aa, org.springframework.security.web.csrf.CsrfFilter@2f3c9bc, org.springframework.security.web.authentication.logout.LogoutFilter@34920781, org.springframework.security.web.authentication.UsernamePasswordAuthenticationFilter@c2824de, org.springframework.security.web.savedrequest.RequestCacheAwareFilter@86f33e2, org.springframework.security.web.servletapi.SecurityContextHolderAwareRequestFilter@3cd5542d, org.springframework.security.web.authentication.AnonymousAuthenticationFilter@2c4120d5, org.springframework.security.web.session.SessionManagementFilter@51a3a5f1, org.springframework.security.web.access.ExceptionTranslationFilter@5222e13b, org.springframework.security.web.access.intercept.AuthorizationFilter@53719261]
2023-01-09 15:58:54.151  WARN 15168 --- [restartedMain] JpaBaseConfiguration$JpaWebConfiguration : spring.jpa.open-in-view is enabled by default. Therefore, database queries may be performed during view rendering. Explicitly configure spring.jpa.open-in-view to disable this warning
2023-01-09 15:58:54.320  INFO 15168 --- [restartedMain] o.s.b.d.a.OptionalLiveReloadServer       : LiveReload server is running on port 35729
2023-01-09 15:58:54.331  INFO 15168 --- [restartedMain] o.s.b.w.embedded.tomcat.TomcatWebServer  : Tomcat started on port(s): 8080 (http) with context path ''
2023-01-09 15:58:54.337  INFO 15168 --- [restartedMain] com.noticeboard.NoticeboardApplication   : Started NoticeboardApplication in 1.164 seconds (JVM running for 1941.551)
2023-01-09 15:58:54.338  INFO 15168 --- [restartedMain] .ConditionEvaluationDeltaLoggingListener : Condition evaluation unchanged
2023-01-09 15:59:04.325  INFO 15168 --- [http-nio-8080-exec-1] o.a.c.c.C.[Tomcat-1].[localhost].[/]     : Initializing Spring DispatcherServlet 'dispatcherServlet'
2023-01-09 15:59:04.327  INFO 15168 --- [http-nio-8080-exec-1] o.s.web.servlet.DispatcherServlet        : Initializing Servlet 'dispatcherServlet'
2023-01-09 15:59:04.328  INFO 15168 --- [http-nio-8080-exec-1] o.s.web.servlet.DispatcherServlet        : Completed initialization in 1 ms
2023-01-09 15:59:04.336  INFO 15168 --- [http-nio-8080-exec-1] com.noticeboard.post.PostController      : page:30, keyword:
2023-01-09 15:59:04.363  INFO 15168 --- [http-nio-8080-exec-2] com.noticeboard.post.PostController      : page:30, keyword:
2023-01-09 15:59:09.445  INFO 15168 --- [http-nio-8080-exec-2] com.noticeboard.post.PostController      : page:0, keyword:
2023-01-09 16:29:39.083  INFO 15168 --- [Thread-8] j.LocalContainerEntityManagerFactoryBean : Closing JPA EntityManagerFactory for persistence unit 'default'
2023-01-09 16:29:39.085  INFO 15168 --- [Thread-8] com.zaxxer.hikari.HikariDataSource       : HikariPool-3 - Shutdown initiated...
2023-01-09 16:29:39.089  INFO 15168 --- [Thread-8] com.zaxxer.hikari.HikariDataSource       : HikariPool-3 - Shutdown completed.
2023-01-09 16:29:39.335  INFO 15168 --- [restartedMain] com.noticeboard.NoticeboardApplication   : Starting NoticeboardApplication using Java 1.8.0_352 on DESKTOP-VO0MAMP with PID 15168 (C:\Users\jeong\IdeaProjects\noticeboard\out\production\classes started by jeong in C:\Users\jeong\IdeaProjects\noticeboard)
2023-01-09 16:29:39.335  INFO 15168 --- [restartedMain] com.noticeboard.NoticeboardApplication   : No active profile set, falling back to 1 default profile: "default"
2023-01-09 16:29:39.550  INFO 15168 --- [restartedMain] .s.d.r.c.RepositoryConfigurationDelegate : Bootstrapping Spring Data JPA repositories in DEFAULT mode.
2023-01-09 16:29:39.580  INFO 15168 --- [restartedMain] .s.d.r.c.RepositoryConfigurationDelegate : Finished Spring Data repository scanning in 28 ms. Found 5 JPA repository interfaces.
2023-01-09 16:29:39.620  WARN 15168 --- [restartedMain] o.m.s.mapper.ClassPathMapperScanner      : No MyBatis mapper was found in '[com.noticeboard]' package. Please check your configuration.
2023-01-09 16:29:39.740  INFO 15168 --- [restartedMain] o.s.b.w.embedded.tomcat.TomcatWebServer  : Tomcat initialized with port(s): 8080 (http)
2023-01-09 16:29:39.740  INFO 15168 --- [restartedMain] o.apache.catalina.core.StandardService   : Starting service [Tomcat]
2023-01-09 16:29:39.741  INFO 15168 --- [restartedMain] org.apache.catalina.core.StandardEngine  : Starting Servlet engine: [Apache Tomcat/9.0.64]
2023-01-09 16:29:39.760  INFO 15168 --- [restartedMain] o.a.c.c.C.[Tomcat-1].[localhost].[/]     : Initializing Spring embedded WebApplicationContext
2023-01-09 16:29:39.760  INFO 15168 --- [restartedMain] w.s.c.ServletWebServerApplicationContext : Root WebApplicationContext: initialization completed in 423 ms
2023-01-09 16:29:39.818  INFO 15168 --- [restartedMain] o.hibernate.jpa.internal.util.LogHelper  : HHH000204: Processing PersistenceUnitInfo [name: default]
2023-01-09 16:29:39.823  INFO 15168 --- [restartedMain] com.zaxxer.hikari.HikariDataSource       : HikariPool-4 - Starting...
2023-01-09 16:29:39.856  INFO 15168 --- [restartedMain] com.zaxxer.hikari.HikariDataSource       : HikariPool-4 - Start completed.
2023-01-09 16:29:39.856  INFO 15168 --- [restartedMain] org.hibernate.dialect.Dialect            : HHH000400: Using dialect: org.hibernate.dialect.MySQL57Dialect
2023-01-09 16:29:39.976  INFO 15168 --- [restartedMain] o.h.e.t.j.p.i.JtaPlatformInitiator       : HHH000490: Using JtaPlatform implementation: [org.hibernate.engine.transaction.jta.platform.internal.NoJtaPlatform]
2023-01-09 16:29:39.976  INFO 15168 --- [restartedMain] j.LocalContainerEntityManagerFactoryBean : Initialized JPA EntityManagerFactory for persistence unit 'default'
2023-01-09 16:29:40.186  WARN 15168 --- [restartedMain] ConfigServletWebServerApplicationContext : Exception encountered during context initialization - cancelling refresh attempt: org.springframework.beans.factory.BeanCreationException: Error creating bean with name 'userController': Lookup method resolution failed; nested exception is java.lang.IllegalStateException: Failed to introspect Class [com.noticeboard.user.UserController] from ClassLoader [org.springframework.boot.devtools.restart.classloader.RestartClassLoader@1cbd42c]
2023-01-09 16:29:40.187  INFO 15168 --- [restartedMain] j.LocalContainerEntityManagerFactoryBean : Closing JPA EntityManagerFactory for persistence unit 'default'
2023-01-09 16:29:40.187  INFO 15168 --- [restartedMain] com.zaxxer.hikari.HikariDataSource       : HikariPool-4 - Shutdown initiated...
2023-01-09 16:29:40.203  INFO 15168 --- [restartedMain] com.zaxxer.hikari.HikariDataSource       : HikariPool-4 - Shutdown completed.
2023-01-09 16:29:40.203  INFO 15168 --- [restartedMain] o.apache.catalina.core.StandardService   : Stopping service [Tomcat]
2023-01-09 16:29:40.212  INFO 15168 --- [restartedMain] ConditionEvaluationReportLoggingListener : 

Error starting ApplicationContext. To display the conditions report re-run your application with 'debug' enabled.
2023-01-09 16:29:40.218 ERROR 15168 --- [restartedMain] o.s.boot.SpringApplication               : Application run failed

org.springframework.beans.factory.BeanCreationException: Error creating bean with name 'userController': Lookup method resolution failed; nested exception is java.lang.IllegalStateException: Failed to introspect Class [com.noticeboard.user.UserController] from ClassLoader [org.springframework.boot.devtools.restart.classloader.RestartClassLoader@1cbd42c]
	at org.springframework.beans.factory.annotation.AutowiredAnnotationBeanPostProcessor.determineCandidateConstructors(AutowiredAnnotationBeanPostProcessor.java:289) ~[spring-beans-5.3.21.jar:5.3.21]
	at org.springframework.beans.factory.support.AbstractAutowireCapableBeanFactory.determineConstructorsFromBeanPostProcessors(AbstractAutowireCapableBeanFactory.java:1302) ~[spring-beans-5.3.21.jar:5.3.21]
	at org.springframework.beans.factory.support.AbstractAutowireCapableBeanFactory.createBeanInstance(AbstractAutowireCapableBeanFactory.java:1219) ~[spring-beans-5.3.21.jar:5.3.21]
	at org.springframework.beans.factory.support.AbstractAutowireCapableBeanFactory.doCreateBean(AbstractAutowireCapableBeanFactory.java:582) ~[spring-beans-5.3.21.jar:5.3.21]
	at org.springframework.beans.factory.support.AbstractAutowireCapableBeanFactory.createBean(AbstractAutowireCapableBeanFactory.java:542) ~[spring-beans-5.3.21.jar:5.3.21]
	at org.springframework.beans.factory.support.AbstractBeanFactory.lambda$doGetBean$0(AbstractBeanFactory.java:335) ~[spring-beans-5.3.21.jar:5.3.21]
	at org.springframework.beans.factory.support.DefaultSingletonBeanRegistry.getSingleton(DefaultSingletonBeanRegistry.java:234) ~[spring-beans-5.3.21.jar:5.3.21]
	at org.springframework.beans.factory.support.AbstractBeanFactory.doGetBean(AbstractBeanFactory.java:333) ~[spring-beans-5.3.21.jar:5.3.21]
	at org.springframework.beans.factory.support.AbstractBeanFactory.getBean(AbstractBeanFactory.java:208) ~[spring-beans-5.3.21.jar:5.3.21]
	at org.springframework.beans.factory.support.DefaultListableBeanFactory.preInstantiateSingletons(DefaultListableBeanFactory.java:955) ~[spring-beans-5.3.21.jar:5.3.21]
	at org.springframework.context.support.AbstractApplicationContext.finishBeanFactoryInitialization(AbstractApplicationContext.java:918) ~[spring-context-5.3.21.jar:5.3.21]
	at org.springframework.context.support.AbstractApplicationContext.refresh(AbstractApplicationContext.java:583) ~[spring-context-5.3.21.jar:5.3.21]
	at org.springframework.boot.web.servlet.context.ServletWebServerApplicationContext.refresh(ServletWebServerApplicationContext.java:147) ~[spring-boot-2.7.1.jar:2.7.1]
	at org.springframework.boot.SpringApplication.refresh(SpringApplication.java:734) [spring-boot-2.7.1.jar:2.7.1]
	at org.springframework.boot.SpringApplication.refreshContext(SpringApplication.java:408) [spring-boot-2.7.1.jar:2.7.1]
	at org.springframework.boot.SpringApplication.run(SpringApplication.java:308) [spring-boot-2.7.1.jar:2.7.1]
	at org.springframework.boot.SpringApplication.run(SpringApplication.java:1306) [spring-boot-2.7.1.jar:2.7.1]
	at org.springframework.boot.SpringApplication.run(SpringApplication.java:1295) [spring-boot-2.7.1.jar:2.7.1]
	at com.noticeboard.NoticeboardApplication.main(NoticeboardApplication.java:13) [classes/:na]
	at sun.reflect.NativeMethodAccessorImpl.invoke0(Native Method) ~[na:1.8.0_352]
	at sun.reflect.NativeMethodAccessorImpl.invoke(NativeMethodAccessorImpl.java:62) ~[na:1.8.0_352]
	at sun.reflect.DelegatingMethodAccessorImpl.invoke(DelegatingMethodAccessorImpl.java:43) ~[na:1.8.0_352]
	at java.lang.reflect.Method.invoke(Method.java:498) ~[na:1.8.0_352]
	at org.springframework.boot.devtools.restart.RestartLauncher.run(RestartLauncher.java:49) [spring-boot-devtools-2.7.1.jar:2.7.1]
Caused by: java.lang.IllegalStateException: Failed to introspect Class [com.noticeboard.user.UserController] from ClassLoader [org.springframework.boot.devtools.restart.classloader.RestartClassLoader@1cbd42c]
	at org.springframework.util.ReflectionUtils.getDeclaredMethods(ReflectionUtils.java:485) ~[spring-core-5.3.21.jar:5.3.21]
	at org.springframework.util.ReflectionUtils.doWithLocalMethods(ReflectionUtils.java:321) ~[spring-core-5.3.21.jar:5.3.21]
	at org.springframework.beans.factory.annotation.AutowiredAnnotationBeanPostProcessor.determineCandidateConstructors(AutowiredAnnotationBeanPostProcessor.java:267) ~[spring-beans-5.3.21.jar:5.3.21]
	... 23 common frames omitted
Caused by: java.lang.NoClassDefFoundError: com/noticeboard/user/ApplicationUser
	at java.lang.Class.getDeclaredMethods0(Native Method) ~[na:1.8.0_352]
	at java.lang.Class.privateGetDeclaredMethods(Class.java:2701) ~[na:1.8.0_352]
	at java.lang.Class.getDeclaredMethods(Class.java:1975) ~[na:1.8.0_352]
	at org.springframework.util.ReflectionUtils.getDeclaredMethods(ReflectionUtils.java:467) ~[spring-core-5.3.21.jar:5.3.21]
	... 25 common frames omitted
Caused by: java.lang.ClassNotFoundException: com.noticeboard.user.ApplicationUser
	at java.net.URLClassLoader.findClass(URLClassLoader.java:387) ~[na:1.8.0_352]
	at java.lang.ClassLoader.loadClass(ClassLoader.java:418) ~[na:1.8.0_352]
	at sun.misc.Launcher$AppClassLoader.loadClass(Launcher.java:352) ~[na:1.8.0_352]
	at java.lang.ClassLoader.loadClass(ClassLoader.java:351) ~[na:1.8.0_352]
	at java.lang.Class.forName0(Native Method) ~[na:1.8.0_352]
	at java.lang.Class.forName(Class.java:348) ~[na:1.8.0_352]
	at org.springframework.boot.devtools.restart.classloader.RestartClassLoader.loadClass(RestartClassLoader.java:145) ~[spring-boot-devtools-2.7.1.jar:2.7.1]
	at java.lang.ClassLoader.loadClass(ClassLoader.java:351) ~[na:1.8.0_352]
	... 29 common frames omitted

2023-01-09 16:29:41.675  INFO 15168 --- [restartedMain] com.noticeboard.NoticeboardApplication   : Starting NoticeboardApplication using Java 1.8.0_352 on DESKTOP-VO0MAMP with PID 15168 (C:\Users\jeong\IdeaProjects\noticeboard\out\production\classes started by jeong in C:\Users\jeong\IdeaProjects\noticeboard)
2023-01-09 16:29:41.690  INFO 15168 --- [restartedMain] com.noticeboard.NoticeboardApplication   : No active profile set, falling back to 1 default profile: "default"
2023-01-09 16:29:41.909  INFO 15168 --- [restartedMain] .s.d.r.c.RepositoryConfigurationDelegate : Bootstrapping Spring Data JPA repositories in DEFAULT mode.
2023-01-09 16:29:41.941  INFO 15168 --- [restartedMain] .s.d.r.c.RepositoryConfigurationDelegate : Finished Spring Data repository scanning in 29 ms. Found 5 JPA repository interfaces.
2023-01-09 16:29:41.988  WARN 15168 --- [restartedMain] o.m.s.mapper.ClassPathMapperScanner      : No MyBatis mapper was found in '[com.noticeboard]' package. Please check your configuration.
2023-01-09 16:29:42.066  INFO 15168 --- [restartedMain] o.s.b.w.embedded.tomcat.TomcatWebServer  : Tomcat initialized with port(s): 8080 (http)
2023-01-09 16:29:42.066  INFO 15168 --- [restartedMain] o.apache.catalina.core.StandardService   : Starting service [Tomcat]
2023-01-09 16:29:42.066  INFO 15168 --- [restartedMain] org.apache.catalina.core.StandardEngine  : Starting Servlet engine: [Apache Tomcat/9.0.64]
2023-01-09 16:29:42.082  INFO 15168 --- [restartedMain] o.a.c.c.C.[Tomcat-2].[localhost].[/]     : Initializing Spring embedded WebApplicationContext
2023-01-09 16:29:42.082  INFO 15168 --- [restartedMain] w.s.c.ServletWebServerApplicationContext : Root WebApplicationContext: initialization completed in 390 ms
2023-01-09 16:29:42.144  INFO 15168 --- [restartedMain] o.hibernate.jpa.internal.util.LogHelper  : HHH000204: Processing PersistenceUnitInfo [name: default]
2023-01-09 16:29:42.144  INFO 15168 --- [restartedMain] com.zaxxer.hikari.HikariDataSource       : HikariPool-5 - Starting...
2023-01-09 16:29:42.191  INFO 15168 --- [restartedMain] com.zaxxer.hikari.HikariDataSource       : HikariPool-5 - Start completed.
2023-01-09 16:29:42.191  INFO 15168 --- [restartedMain] org.hibernate.dialect.Dialect            : HHH000400: Using dialect: org.hibernate.dialect.MySQL57Dialect
2023-01-09 16:29:42.285  INFO 15168 --- [restartedMain] o.h.e.t.j.p.i.JtaPlatformInitiator       : HHH000490: Using JtaPlatform implementation: [org.hibernate.engine.transaction.jta.platform.internal.NoJtaPlatform]
2023-01-09 16:29:42.285  INFO 15168 --- [restartedMain] j.LocalContainerEntityManagerFactoryBean : Initialized JPA EntityManagerFactory for persistence unit 'default'
2023-01-09 16:29:42.597  INFO 15168 --- [restartedMain] o.s.s.web.DefaultSecurityFilterChain     : Will secure any request with [org.springframework.security.web.session.DisableEncodeUrlFilter@24820d83, org.springframework.security.web.context.request.async.WebAsyncManagerIntegrationFilter@1905644, org.springframework.security.web.context.SecurityContextPersistenceFilter@231184b6, org.springframework.security.web.header.HeaderWriterFilter@37fd3735, org.springframework.security.web.csrf.CsrfFilter@3273741c, org.springframework.security.web.authentication.logout.LogoutFilter@5b2f62e4, org.springframework.security.web.authentication.UsernamePasswordAuthenticationFilter@41a77a6, org.springframework.security.web.savedrequest.RequestCacheAwareFilter@7e028ea0, org.springframework.security.web.servletapi.SecurityContextHolderAwareRequestFilter@20184aca, org.springframework.security.web.authentication.AnonymousAuthenticationFilter@2439c0a5, org.springframework.security.web.session.SessionManagementFilter@a6bc273, org.springframework.security.web.access.ExceptionTranslationFilter@26cf7024, org.springframework.security.web.access.intercept.AuthorizationFilter@539ed249]
2023-01-09 16:29:42.613  WARN 15168 --- [restartedMain] JpaBaseConfiguration$JpaWebConfiguration : spring.jpa.open-in-view is enabled by default. Therefore, database queries may be performed during view rendering. Explicitly configure spring.jpa.open-in-view to disable this warning
2023-01-09 16:29:42.800  INFO 15168 --- [restartedMain] o.s.b.d.a.OptionalLiveReloadServer       : LiveReload server is running on port 35729
2023-01-09 16:29:42.800  INFO 15168 --- [restartedMain] o.s.b.w.embedded.tomcat.TomcatWebServer  : Tomcat started on port(s): 8080 (http) with context path ''
2023-01-09 16:29:42.800  INFO 15168 --- [restartedMain] com.noticeboard.NoticeboardApplication   : Started NoticeboardApplication in 1.149 seconds (JVM running for 3790.029)
2023-01-09 16:29:42.816  INFO 15168 --- [restartedMain] .ConditionEvaluationDeltaLoggingListener : Condition evaluation unchanged
2023-01-09 16:31:56.394  INFO 15168 --- [Thread-15] j.LocalContainerEntityManagerFactoryBean : Closing JPA EntityManagerFactory for persistence unit 'default'
2023-01-09 16:31:56.395  INFO 15168 --- [Thread-15] com.zaxxer.hikari.HikariDataSource       : HikariPool-5 - Shutdown initiated...
2023-01-09 16:31:56.403  INFO 15168 --- [Thread-15] com.zaxxer.hikari.HikariDataSource       : HikariPool-5 - Shutdown completed.
2023-01-09 16:31:56.626  INFO 15168 --- [restartedMain] com.noticeboard.NoticeboardApplication   : Starting NoticeboardApplication using Java 1.8.0_352 on DESKTOP-VO0MAMP with PID 15168 (C:\Users\jeong\IdeaProjects\noticeboard\out\production\classes started by jeong in C:\Users\jeong\IdeaProjects\noticeboard)
2023-01-09 16:31:56.627  INFO 15168 --- [restartedMain] com.noticeboard.NoticeboardApplication   : No active profile set, falling back to 1 default profile: "default"
2023-01-09 16:31:56.836  INFO 15168 --- [restartedMain] .s.d.r.c.RepositoryConfigurationDelegate : Bootstrapping Spring Data JPA repositories in DEFAULT mode.
2023-01-09 16:31:56.869  INFO 15168 --- [restartedMain] .s.d.r.c.RepositoryConfigurationDelegate : Finished Spring Data repository scanning in 32 ms. Found 5 JPA repository interfaces.
2023-01-09 16:31:56.908  WARN 15168 --- [restartedMain] o.m.s.mapper.ClassPathMapperScanner      : No MyBatis mapper was found in '[com.noticeboard]' package. Please check your configuration.
2023-01-09 16:31:57.010  INFO 15168 --- [restartedMain] o.s.b.w.embedded.tomcat.TomcatWebServer  : Tomcat initialized with port(s): 8080 (http)
2023-01-09 16:31:57.011  INFO 15168 --- [restartedMain] o.apache.catalina.core.StandardService   : Starting service [Tomcat]
2023-01-09 16:31:57.011  INFO 15168 --- [restartedMain] org.apache.catalina.core.StandardEngine  : Starting Servlet engine: [Apache Tomcat/9.0.64]
2023-01-09 16:31:57.025  INFO 15168 --- [restartedMain] o.a.c.c.C.[Tomcat-2].[localhost].[/]     : Initializing Spring embedded WebApplicationContext
2023-01-09 16:31:57.025  INFO 15168 --- [restartedMain] w.s.c.ServletWebServerApplicationContext : Root WebApplicationContext: initialization completed in 397 ms
2023-01-09 16:31:57.070  INFO 15168 --- [restartedMain] o.hibernate.jpa.internal.util.LogHelper  : HHH000204: Processing PersistenceUnitInfo [name: default]
2023-01-09 16:31:57.075  INFO 15168 --- [restartedMain] com.zaxxer.hikari.HikariDataSource       : HikariPool-6 - Starting...
2023-01-09 16:31:57.106  INFO 15168 --- [restartedMain] com.zaxxer.hikari.HikariDataSource       : HikariPool-6 - Start completed.
2023-01-09 16:31:57.107  INFO 15168 --- [restartedMain] org.hibernate.dialect.Dialect            : HHH000400: Using dialect: org.hibernate.dialect.MySQL57Dialect
2023-01-09 16:31:57.189  INFO 15168 --- [restartedMain] o.h.e.t.j.p.i.JtaPlatformInitiator       : HHH000490: Using JtaPlatform implementation: [org.hibernate.engine.transaction.jta.platform.internal.NoJtaPlatform]
2023-01-09 16:31:57.189  INFO 15168 --- [restartedMain] j.LocalContainerEntityManagerFactoryBean : Initialized JPA EntityManagerFactory for persistence unit 'default'
2023-01-09 16:31:57.488  INFO 15168 --- [restartedMain] o.s.s.web.DefaultSecurityFilterChain     : Will secure any request with [org.springframework.security.web.session.DisableEncodeUrlFilter@50035a7d, org.springframework.security.web.context.request.async.WebAsyncManagerIntegrationFilter@4edeab7c, org.springframework.security.web.context.SecurityContextPersistenceFilter@530df89a, org.springframework.security.web.header.HeaderWriterFilter@1577ad1f, org.springframework.security.web.csrf.CsrfFilter@2564283e, org.springframework.security.web.authentication.logout.LogoutFilter@5180f376, org.springframework.security.web.authentication.UsernamePasswordAuthenticationFilter@6ce0291, org.springframework.security.web.savedrequest.RequestCacheAwareFilter@7225d778, org.springframework.security.web.servletapi.SecurityContextHolderAwareRequestFilter@5a128376, org.springframework.security.web.authentication.AnonymousAuthenticationFilter@27ec1288, org.springframework.security.web.session.SessionManagementFilter@572c0f99, org.springframework.security.web.access.ExceptionTranslationFilter@6728d42f, org.springframework.security.web.access.intercept.AuthorizationFilter@43855bd4]
2023-01-09 16:31:57.536  WARN 15168 --- [restartedMain] JpaBaseConfiguration$JpaWebConfiguration : spring.jpa.open-in-view is enabled by default. Therefore, database queries may be performed during view rendering. Explicitly configure spring.jpa.open-in-view to disable this warning
2023-01-09 16:31:57.773  INFO 15168 --- [restartedMain] o.s.b.d.a.OptionalLiveReloadServer       : LiveReload server is running on port 35729
2023-01-09 16:31:57.789  INFO 15168 --- [restartedMain] o.s.b.w.embedded.tomcat.TomcatWebServer  : Tomcat started on port(s): 8080 (http) with context path ''
2023-01-09 16:31:57.796  INFO 15168 --- [restartedMain] com.noticeboard.NoticeboardApplication   : Started NoticeboardApplication in 1.197 seconds (JVM running for 3925.01)
2023-01-09 16:31:57.797  INFO 15168 --- [restartedMain] .ConditionEvaluationDeltaLoggingListener : Condition evaluation unchanged
2023-01-09 16:31:59.376  INFO 15168 --- [Thread-22] j.LocalContainerEntityManagerFactoryBean : Closing JPA EntityManagerFactory for persistence unit 'default'
2023-01-09 16:31:59.385  INFO 15168 --- [Thread-22] com.zaxxer.hikari.HikariDataSource       : HikariPool-6 - Shutdown initiated...
2023-01-09 16:31:59.391  INFO 15168 --- [Thread-22] com.zaxxer.hikari.HikariDataSource       : HikariPool-6 - Shutdown completed.
2023-01-09 16:31:59.579  INFO 15168 --- [restartedMain] com.noticeboard.NoticeboardApplication   : Starting NoticeboardApplication using Java 1.8.0_352 on DESKTOP-VO0MAMP with PID 15168 (C:\Users\jeong\IdeaProjects\noticeboard\out\production\classes started by jeong in C:\Users\jeong\IdeaProjects\noticeboard)
2023-01-09 16:31:59.579  INFO 15168 --- [restartedMain] com.noticeboard.NoticeboardApplication   : No active profile set, falling back to 1 default profile: "default"
2023-01-09 16:31:59.798  INFO 15168 --- [restartedMain] .s.d.r.c.RepositoryConfigurationDelegate : Bootstrapping Spring Data JPA repositories in DEFAULT mode.
2023-01-09 16:31:59.844  INFO 15168 --- [restartedMain] .s.d.r.c.RepositoryConfigurationDelegate : Finished Spring Data repository scanning in 36 ms. Found 5 JPA repository interfaces.
2023-01-09 16:31:59.907  WARN 15168 --- [restartedMain] o.m.s.mapper.ClassPathMapperScanner      : No MyBatis mapper was found in '[com.noticeboard]' package. Please check your configuration.
2023-01-09 16:32:00.032  INFO 15168 --- [restartedMain] o.s.b.w.embedded.tomcat.TomcatWebServer  : Tomcat initialized with port(s): 8080 (http)
2023-01-09 16:32:00.032  INFO 15168 --- [restartedMain] o.apache.catalina.core.StandardService   : Starting service [Tomcat]
2023-01-09 16:32:00.032  INFO 15168 --- [restartedMain] org.apache.catalina.core.StandardEngine  : Starting Servlet engine: [Apache Tomcat/9.0.64]
2023-01-09 16:32:00.048  INFO 15168 --- [restartedMain] o.a.c.c.C.[Tomcat-2].[localhost].[/]     : Initializing Spring embedded WebApplicationContext
2023-01-09 16:32:00.048  INFO 15168 --- [restartedMain] w.s.c.ServletWebServerApplicationContext : Root WebApplicationContext: initialization completed in 469 ms
2023-01-09 16:32:00.157  INFO 15168 --- [restartedMain] o.hibernate.jpa.internal.util.LogHelper  : HHH000204: Processing PersistenceUnitInfo [name: default]
2023-01-09 16:32:00.157  INFO 15168 --- [restartedMain] com.zaxxer.hikari.HikariDataSource       : HikariPool-7 - Starting...
2023-01-09 16:32:00.188  INFO 15168 --- [restartedMain] com.zaxxer.hikari.HikariDataSource       : HikariPool-7 - Start completed.
2023-01-09 16:32:00.188  INFO 15168 --- [restartedMain] org.hibernate.dialect.Dialect            : HHH000400: Using dialect: org.hibernate.dialect.MySQL57Dialect
2023-01-09 16:32:00.267  INFO 15168 --- [restartedMain] o.h.e.t.j.p.i.JtaPlatformInitiator       : HHH000490: Using JtaPlatform implementation: [org.hibernate.engine.transaction.jta.platform.internal.NoJtaPlatform]
2023-01-09 16:32:00.267  INFO 15168 --- [restartedMain] j.LocalContainerEntityManagerFactoryBean : Initialized JPA EntityManagerFactory for persistence unit 'default'
2023-01-09 16:32:00.501  INFO 15168 --- [restartedMain] o.s.s.web.DefaultSecurityFilterChain     : Will secure any request with [org.springframework.security.web.session.DisableEncodeUrlFilter@4f7ffe12, org.springframework.security.web.context.request.async.WebAsyncManagerIntegrationFilter@759c24c3, org.springframework.security.web.context.SecurityContextPersistenceFilter@7e843c3b, org.springframework.security.web.header.HeaderWriterFilter@507817f5, org.springframework.security.web.csrf.CsrfFilter@7c58e0bf, org.springframework.security.web.authentication.logout.LogoutFilter@6fb82a44, org.springframework.security.web.authentication.UsernamePasswordAuthenticationFilter@613b027b, org.springframework.security.web.savedrequest.RequestCacheAwareFilter@76e85d0a, org.springframework.security.web.servletapi.SecurityContextHolderAwareRequestFilter@663f3b9d, org.springframework.security.web.authentication.AnonymousAuthenticationFilter@31241f32, org.springframework.security.web.session.SessionManagementFilter@45626130, org.springframework.security.web.access.ExceptionTranslationFilter@3677d26b, org.springframework.security.web.access.intercept.AuthorizationFilter@44f0019b]
2023-01-09 16:32:00.532  WARN 15168 --- [restartedMain] JpaBaseConfiguration$JpaWebConfiguration : spring.jpa.open-in-view is enabled by default. Therefore, database queries may be performed during view rendering. Explicitly configure spring.jpa.open-in-view to disable this warning
2023-01-09 16:32:00.688  INFO 15168 --- [restartedMain] o.s.b.d.a.OptionalLiveReloadServer       : LiveReload server is running on port 35729
2023-01-09 16:32:00.704  INFO 15168 --- [restartedMain] o.s.b.w.embedded.tomcat.TomcatWebServer  : Tomcat started on port(s): 8080 (http) with context path ''
2023-01-09 16:32:00.704  INFO 15168 --- [restartedMain] com.noticeboard.NoticeboardApplication   : Started NoticeboardApplication in 1.154 seconds (JVM running for 3927.929)
2023-01-09 16:32:00.704  INFO 15168 --- [restartedMain] .ConditionEvaluationDeltaLoggingListener : Condition evaluation unchanged
2023-01-09 17:40:14.653  INFO 15168 --- [SpringApplicationShutdownHook] j.LocalContainerEntityManagerFactoryBean : Closing JPA EntityManagerFactory for persistence unit 'default'
2023-01-09 17:40:14.668  INFO 15168 --- [SpringApplicationShutdownHook] com.zaxxer.hikari.HikariDataSource       : HikariPool-7 - Shutdown initiated...
2023-01-09 17:40:14.684  INFO 15168 --- [SpringApplicationShutdownHook] com.zaxxer.hikari.HikariDataSource       : HikariPool-7 - Shutdown completed.
